<html>
<head>
<title>TestNG:  Default test</title>
<link href="../testng.css" rel="stylesheet" type="text/css" />
<link href="../my-testng.css" rel="stylesheet" type="text/css" />

<style type="text/css">
.log { display: none;} 
.stack-trace { display: none;} 
</style>
<script type="text/javascript">
<!--
function flip(e) {
  current = e.style.display;
  if (current == 'block') {
    e.style.display = 'none';
    return 0;
  }
  else {
    e.style.display = 'block';
    return 1;
  }
}

function toggleBox(szDivId, elem, msg1, msg2)
{
  var res = -1;  if (document.getElementById) {
    res = flip(document.getElementById(szDivId));
  }
  else if (document.all) {
    // this is the way old msie versions work
    res = flip(document.all[szDivId]);
  }
  if(elem) {
    if(res == 0) elem.innerHTML = msg1; else elem.innerHTML = msg2;
  }

}

function toggleAllBoxes() {
  if (document.getElementsByTagName) {
    d = document.getElementsByTagName('div');
    for (i = 0; i < d.length; i++) {
      if (d[i].className == 'log') {
        flip(d[i]);
      }
    }
  }
}

// -->
</script>

</head>
<body>
<h2 align='center'>Default test</h2><table border='1' align="center">
<tr>
<td>Tests passed/Failed/Skipped:</td><td>104/11/0</td>
</tr><tr>
<td>Started on:</td><td>Sun Jan 01 19:33:57 WIB 2023</td>
</tr>
<tr><td>Total time:</td><td>417 seconds (417694 ms)</td>
</tr><tr>
<td>Included groups:</td><td></td>
</tr><tr>
<td>Excluded groups:</td><td></td>
</tr>
</table><p/>
<small><i>(Hover the method name to see the test class name)</i></small><p/>
<table width='100%' border='1' class='invocation-failed'>
<tr><td colspan='4' align='center'><b>FAILED TESTS</b></td></tr>
<tr><td><b>Test method</b></td>
<td width="30%"><b>Exception</b></td>
<td width="10%"><b>Time (seconds)</b></td>
<td><b>Instance</b></td>
</tr>
<tr>
<td title='com.juaracoding.cucumber.step_definitions.RunnerTest.runScenario()'><b>runScenario</b><br>Test class: com.juaracoding.cucumber.step_definitions.RunnerTest<br>Test method: Runs Cucumber Scenarios<br>Parameters: "Cancel edit data master position", "Master Position"</td>
<td><div><pre>java.lang.AssertionError: expected [https://dev.ptdika.com/tiket.com/position_tms/master_p_tms] but found [https://dev.ptdika.com/tiket.com/position_tms]
	at org.testng.Assert.fail(Assert.java:99)
	at org.testng.Assert.failNotEquals(Assert.java:1037)
	at org.testng.Assert.assertEqualsImpl(Assert.java:140)
	at org.testng.Assert.assertEquals(Assert.java:122)
	at org.testng.Assert.assertEquals(Assert.java:629)
	at org.testng.Assert.assertEquals(Assert.java:639)
	at com.juaracoding.cucumber.step_definitions.TestMasterPosition.user_back_to_master_position_page(TestMasterPosition.java:112)
	at ✽.User back to master position page(file:///C:/Users/fauza/git/Kelompok-3-TMS/src/main/resources/features/09.MasterPosition.feature:33)
</pre></div><a href='#' onClick='toggleBox("stack-trace1287155721", this, "Click to show all stack frames", "Click to hide stack frames")'>Click to show all stack frames</a>
<div class='stack-trace' id='stack-trace1287155721'><pre>java.lang.AssertionError: expected [https://dev.ptdika.com/tiket.com/position_tms/master_p_tms] but found [https://dev.ptdika.com/tiket.com/position_tms]
	at org.testng.Assert.fail(Assert.java:99)
	at org.testng.Assert.failNotEquals(Assert.java:1037)
	at org.testng.Assert.assertEqualsImpl(Assert.java:140)
	at org.testng.Assert.assertEquals(Assert.java:122)
	at org.testng.Assert.assertEquals(Assert.java:629)
	at org.testng.Assert.assertEquals(Assert.java:639)
	at com.juaracoding.cucumber.step_definitions.TestMasterPosition.user_back_to_master_position_page(TestMasterPosition.java:112)
	at ✽.User back to master position page(file:///C:/Users/fauza/git/Kelompok-3-TMS/src/main/resources/features/09.MasterPosition.feature:33)
</pre></div></td>
<td>2</td>
<td>com.juaracoding.cucumber.step_definitions.RunnerTest@56cdfb3b</td></tr>
<tr>
<td title='com.juaracoding.cucumber.step_definitions.RunnerTest.runScenario()'><b>runScenario</b><br>Test class: com.juaracoding.cucumber.step_definitions.RunnerTest<br>Test method: Runs Cucumber Scenarios<br>Parameters: "TCC11.Input kehadiran sakit", "Absen Sakit"</td>
<td><div><pre>org.openqa.selenium.InvalidArgumentException: invalid argument: File not found : D:\Test\2.jpg
  (Session info: chrome=108.0.5359.125)
Build info: version: &apos;3.141.59&apos;, revision: &apos;e82be7d358&apos;, time: &apos;2018-11-14T08:17:03&apos;
System info: host: &apos;LAPTOP-VUBQFE7P&apos;, ip: &apos;192.168.68.103&apos;, os.name: &apos;Windows 11&apos;, os.arch: &apos;amd64&apos;, os.version: &apos;10.0&apos;, java.version: &apos;17.0.5&apos;
Driver info: org.openqa.selenium.chrome.ChromeDriver
Capabilities {acceptInsecureCerts: false, browserName: chrome, browserVersion: 108.0.5359.125, chrome: {chromedriverVersion: 107.0.5304.62 (1eec40d3a576..., userDataDir: C:\Users\fauza\AppData\Loca...}, goog:chromeOptions: {debuggerAddress: localhost:54097}, javascriptEnabled: true, networkConnectionEnabled: false, pageLoadStrategy: normal, platform: WINDOWS, platformName: WINDOWS, proxy: Proxy(), setWindowRect: true, strictFileInteractability: false, timeouts: {implicit: 0, pageLoad: 300000, script: 30000}, unhandledPromptBehavior: dismiss and notify, webauthn:extension:credBlob: true, webauthn:extension:largeBlob: true, webauthn:virtualAuthenticators: true}
Session ID: 6aa0978e21fd7c1c6e6510ac57a30a9e
	at java.base/jdk.internal.reflect.NativeConstructorAccessorImpl.newInstance0(Native Method)
	at java.base/jdk.internal.reflect.NativeConstructorAccessorImpl.newInstance(NativeConstructorAccessorImpl.java:77)
	at java.base/jdk.internal.reflect.DelegatingConstructorAccessorImpl.newInstance(DelegatingConstructorAccessorImpl.java:45)
	at java.base/java.lang.reflect.Constructor.newInstanceWithCaller(Constructor.java:499)
	at java.base/java.lang.reflect.Constructor.newInstance(Constructor.java:480)
	at org.openqa.selenium.remote.http.W3CHttpResponseCodec.createException(W3CHttpResponseCodec.java:187)
	at org.openqa.selenium.remote.http.W3CHttpResponseCodec.decode(W3CHttpResponseCodec.java:122)
	at org.openqa.selenium.remote.http.W3CHttpResponseCodec.decode(W3CHttpResponseCodec.java:49)
	at org.openqa.selenium.remote.HttpCommandExecutor.execute(HttpCommandExecutor.java:158)
	at org.openqa.selenium.remote.service.DriverCommandExecutor.execute(DriverCommandExecutor.java:83)
	at org.openqa.selenium.remote.RemoteWebDriver.execute(RemoteWebDriver.java:552)
	at org.openqa.selenium.remote.RemoteWebElement.execute(RemoteWebElement.java:285)
	at org.openqa.selenium.remote.RemoteWebElement.sendKeys(RemoteWebElement.java:106)
	at jdk.internal.reflect.GeneratedMethodAccessor100.invoke(Unknown Source)
	at java.base/jdk.internal.reflect.DelegatingMethodAccessorImpl.invoke(DelegatingMethodAccessorImpl.java:43)
	at java.base/java.lang.reflect.Method.invoke(Method.java:568)
	at org.openqa.selenium.support.pagefactory.internal.LocatingElementHandler.invoke(LocatingElementHandler.java:51)
	at jdk.proxy2/jdk.proxy2.$Proxy28.sendKeys(Unknown Source)
	at com.juaracoding.cucumber.pages.AbsenSakitPage.uploadfoto(AbsenSakitPage.java:51)
	at com.juaracoding.cucumber.step_definitions.AbsenSakit.tcc11_upload_foto_selfie(AbsenSakit.java:51)
	at ✽.TCC11.Upload foto selfie(file:///C:/Users/fauza/git/Kelompok-3-TMS/src/main/resources/features/13.AbsenSakit.feature:9)
</pre></div><a href='#' onClick='toggleBox("stack-trace825134767", this, "Click to show all stack frames", "Click to hide stack frames")'>Click to show all stack frames</a>
<div class='stack-trace' id='stack-trace825134767'><pre>org.openqa.selenium.InvalidArgumentException: invalid argument: File not found : D:\Test\2.jpg
  (Session info: chrome=108.0.5359.125)
Build info: version: &apos;3.141.59&apos;, revision: &apos;e82be7d358&apos;, time: &apos;2018-11-14T08:17:03&apos;
System info: host: &apos;LAPTOP-VUBQFE7P&apos;, ip: &apos;192.168.68.103&apos;, os.name: &apos;Windows 11&apos;, os.arch: &apos;amd64&apos;, os.version: &apos;10.0&apos;, java.version: &apos;17.0.5&apos;
Driver info: org.openqa.selenium.chrome.ChromeDriver
Capabilities {acceptInsecureCerts: false, browserName: chrome, browserVersion: 108.0.5359.125, chrome: {chromedriverVersion: 107.0.5304.62 (1eec40d3a576..., userDataDir: C:\Users\fauza\AppData\Loca...}, goog:chromeOptions: {debuggerAddress: localhost:54097}, javascriptEnabled: true, networkConnectionEnabled: false, pageLoadStrategy: normal, platform: WINDOWS, platformName: WINDOWS, proxy: Proxy(), setWindowRect: true, strictFileInteractability: false, timeouts: {implicit: 0, pageLoad: 300000, script: 30000}, unhandledPromptBehavior: dismiss and notify, webauthn:extension:credBlob: true, webauthn:extension:largeBlob: true, webauthn:virtualAuthenticators: true}
Session ID: 6aa0978e21fd7c1c6e6510ac57a30a9e
	at java.base/jdk.internal.reflect.NativeConstructorAccessorImpl.newInstance0(Native Method)
	at java.base/jdk.internal.reflect.NativeConstructorAccessorImpl.newInstance(NativeConstructorAccessorImpl.java:77)
	at java.base/jdk.internal.reflect.DelegatingConstructorAccessorImpl.newInstance(DelegatingConstructorAccessorImpl.java:45)
	at java.base/java.lang.reflect.Constructor.newInstanceWithCaller(Constructor.java:499)
	at java.base/java.lang.reflect.Constructor.newInstance(Constructor.java:480)
	at org.openqa.selenium.remote.http.W3CHttpResponseCodec.createException(W3CHttpResponseCodec.java:187)
	at org.openqa.selenium.remote.http.W3CHttpResponseCodec.decode(W3CHttpResponseCodec.java:122)
	at org.openqa.selenium.remote.http.W3CHttpResponseCodec.decode(W3CHttpResponseCodec.java:49)
	at org.openqa.selenium.remote.HttpCommandExecutor.execute(HttpCommandExecutor.java:158)
	at org.openqa.selenium.remote.service.DriverCommandExecutor.execute(DriverCommandExecutor.java:83)
	at org.openqa.selenium.remote.RemoteWebDriver.execute(RemoteWebDriver.java:552)
	at org.openqa.selenium.remote.RemoteWebElement.execute(RemoteWebElement.java:285)
	at org.openqa.selenium.remote.RemoteWebElement.sendKeys(RemoteWebElement.java:106)
	at jdk.internal.reflect.GeneratedMethodAccessor100.invoke(Unknown Source)
	at java.base/jdk.internal.reflect.DelegatingMethodAccessorImpl.invoke(DelegatingMethodAccessorImpl.java:43)
	at java.base/java.lang.reflect.Method.invoke(Method.java:568)
	at org.openqa.selenium.support.pagefactory.internal.LocatingElementHandler.invoke(LocatingElementHandler.java:51)
	at jdk.proxy2/jdk.proxy2.$Proxy28.sendKeys(Unknown Source)
	at com.juaracoding.cucumber.pages.AbsenSakitPage.uploadfoto(AbsenSakitPage.java:51)
	at com.juaracoding.cucumber.step_definitions.AbsenSakit.tcc11_upload_foto_selfie(AbsenSakit.java:51)
	at ✽.TCC11.Upload foto selfie(file:///C:/Users/fauza/git/Kelompok-3-TMS/src/main/resources/features/13.AbsenSakit.feature:9)
</pre></div></td>
<td>0</td>
<td>com.juaracoding.cucumber.step_definitions.RunnerTest@56cdfb3b</td></tr>
<tr>
<td title='com.juaracoding.cucumber.step_definitions.RunnerTest.runScenario()'><b>runScenario</b><br>Test class: com.juaracoding.cucumber.step_definitions.RunnerTest<br>Test method: Runs Cucumber Scenarios<br>Parameters: "TCC13. Input kehadiran sakit", "Absen Sakit"</td>
<td><div><pre>org.openqa.selenium.NoAlertPresentException: no such alert
  (Session info: chrome=108.0.5359.125)
Build info: version: &apos;3.141.59&apos;, revision: &apos;e82be7d358&apos;, time: &apos;2018-11-14T08:17:03&apos;
System info: host: &apos;LAPTOP-VUBQFE7P&apos;, ip: &apos;192.168.68.103&apos;, os.name: &apos;Windows 11&apos;, os.arch: &apos;amd64&apos;, os.version: &apos;10.0&apos;, java.version: &apos;17.0.5&apos;
Driver info: org.openqa.selenium.chrome.ChromeDriver
Capabilities {acceptInsecureCerts: false, browserName: chrome, browserVersion: 108.0.5359.125, chrome: {chromedriverVersion: 107.0.5304.62 (1eec40d3a576..., userDataDir: C:\Users\fauza\AppData\Loca...}, goog:chromeOptions: {debuggerAddress: localhost:54097}, javascriptEnabled: true, networkConnectionEnabled: false, pageLoadStrategy: normal, platform: WINDOWS, platformName: WINDOWS, proxy: Proxy(), setWindowRect: true, strictFileInteractability: false, timeouts: {implicit: 0, pageLoad: 300000, script: 30000}, unhandledPromptBehavior: dismiss and notify, webauthn:extension:credBlob: true, webauthn:extension:largeBlob: true, webauthn:virtualAuthenticators: true}
Session ID: 6aa0978e21fd7c1c6e6510ac57a30a9e
	at java.base/jdk.internal.reflect.NativeConstructorAccessorImpl.newInstance0(Native Method)
	at java.base/jdk.internal.reflect.NativeConstructorAccessorImpl.newInstance(NativeConstructorAccessorImpl.java:77)
	at java.base/jdk.internal.reflect.DelegatingConstructorAccessorImpl.newInstance(DelegatingConstructorAccessorImpl.java:45)
	at java.base/java.lang.reflect.Constructor.newInstanceWithCaller(Constructor.java:499)
	at java.base/java.lang.reflect.Constructor.newInstance(Constructor.java:480)
	at org.openqa.selenium.remote.http.W3CHttpResponseCodec.createException(W3CHttpResponseCodec.java:187)
	at org.openqa.selenium.remote.http.W3CHttpResponseCodec.decode(W3CHttpResponseCodec.java:122)
	at org.openqa.selenium.remote.http.W3CHttpResponseCodec.decode(W3CHttpResponseCodec.java:49)
	at org.openqa.selenium.remote.HttpCommandExecutor.execute(HttpCommandExecutor.java:158)
	at org.openqa.selenium.remote.service.DriverCommandExecutor.execute(DriverCommandExecutor.java:83)
	at org.openqa.selenium.remote.RemoteWebDriver.execute(RemoteWebDriver.java:552)
	at org.openqa.selenium.remote.RemoteWebDriver.execute(RemoteWebDriver.java:609)
	at org.openqa.selenium.remote.RemoteWebDriver$RemoteTargetLocator.alert(RemoteWebDriver.java:932)
	at com.juaracoding.cucumber.step_definitions.AbsenSakit.tcc13_muncul_alert(AbsenSakit.java:110)
	at ✽.TCC13. Muncul Alert(file:///C:/Users/fauza/git/Kelompok-3-TMS/src/main/resources/features/13.AbsenSakit.feature:23)
</pre></div><a href='#' onClick='toggleBox("stack-trace593185514", this, "Click to show all stack frames", "Click to hide stack frames")'>Click to show all stack frames</a>
<div class='stack-trace' id='stack-trace593185514'><pre>org.openqa.selenium.NoAlertPresentException: no such alert
  (Session info: chrome=108.0.5359.125)
Build info: version: &apos;3.141.59&apos;, revision: &apos;e82be7d358&apos;, time: &apos;2018-11-14T08:17:03&apos;
System info: host: &apos;LAPTOP-VUBQFE7P&apos;, ip: &apos;192.168.68.103&apos;, os.name: &apos;Windows 11&apos;, os.arch: &apos;amd64&apos;, os.version: &apos;10.0&apos;, java.version: &apos;17.0.5&apos;
Driver info: org.openqa.selenium.chrome.ChromeDriver
Capabilities {acceptInsecureCerts: false, browserName: chrome, browserVersion: 108.0.5359.125, chrome: {chromedriverVersion: 107.0.5304.62 (1eec40d3a576..., userDataDir: C:\Users\fauza\AppData\Loca...}, goog:chromeOptions: {debuggerAddress: localhost:54097}, javascriptEnabled: true, networkConnectionEnabled: false, pageLoadStrategy: normal, platform: WINDOWS, platformName: WINDOWS, proxy: Proxy(), setWindowRect: true, strictFileInteractability: false, timeouts: {implicit: 0, pageLoad: 300000, script: 30000}, unhandledPromptBehavior: dismiss and notify, webauthn:extension:credBlob: true, webauthn:extension:largeBlob: true, webauthn:virtualAuthenticators: true}
Session ID: 6aa0978e21fd7c1c6e6510ac57a30a9e
	at java.base/jdk.internal.reflect.NativeConstructorAccessorImpl.newInstance0(Native Method)
	at java.base/jdk.internal.reflect.NativeConstructorAccessorImpl.newInstance(NativeConstructorAccessorImpl.java:77)
	at java.base/jdk.internal.reflect.DelegatingConstructorAccessorImpl.newInstance(DelegatingConstructorAccessorImpl.java:45)
	at java.base/java.lang.reflect.Constructor.newInstanceWithCaller(Constructor.java:499)
	at java.base/java.lang.reflect.Constructor.newInstance(Constructor.java:480)
	at org.openqa.selenium.remote.http.W3CHttpResponseCodec.createException(W3CHttpResponseCodec.java:187)
	at org.openqa.selenium.remote.http.W3CHttpResponseCodec.decode(W3CHttpResponseCodec.java:122)
	at org.openqa.selenium.remote.http.W3CHttpResponseCodec.decode(W3CHttpResponseCodec.java:49)
	at org.openqa.selenium.remote.HttpCommandExecutor.execute(HttpCommandExecutor.java:158)
	at org.openqa.selenium.remote.service.DriverCommandExecutor.execute(DriverCommandExecutor.java:83)
	at org.openqa.selenium.remote.RemoteWebDriver.execute(RemoteWebDriver.java:552)
	at org.openqa.selenium.remote.RemoteWebDriver.execute(RemoteWebDriver.java:609)
	at org.openqa.selenium.remote.RemoteWebDriver$RemoteTargetLocator.alert(RemoteWebDriver.java:932)
	at com.juaracoding.cucumber.step_definitions.AbsenSakit.tcc13_muncul_alert(AbsenSakit.java:110)
	at ✽.TCC13. Muncul Alert(file:///C:/Users/fauza/git/Kelompok-3-TMS/src/main/resources/features/13.AbsenSakit.feature:23)
</pre></div></td>
<td>2</td>
<td>com.juaracoding.cucumber.step_definitions.RunnerTest@56cdfb3b</td></tr>
<tr>
<td title='com.juaracoding.cucumber.step_definitions.RunnerTest.runScenario()'><b>runScenario</b><br>Test class: com.juaracoding.cucumber.step_definitions.RunnerTest<br>Test method: Runs Cucumber Scenarios<br>Parameters: "Edit data parameter shifting invalid", "Parameter Shifting"</td>
<td><div><pre>java.lang.AssertionError: expected [Form Add] but found [Tambah]
	at org.testng.Assert.fail(Assert.java:99)
	at org.testng.Assert.failNotEquals(Assert.java:1037)
	at org.testng.Assert.assertEqualsImpl(Assert.java:140)
	at org.testng.Assert.assertEquals(Assert.java:122)
	at org.testng.Assert.assertEquals(Assert.java:629)
	at org.testng.Assert.assertEquals(Assert.java:639)
	at com.juaracoding.cucumber.step_definitions.TestParameterShifting.user_get_field_edit_null_alert_shifting(TestParameterShifting.java:91)
	at ✽.User get field edit null alert shifting(file:///C:/Users/fauza/git/Kelompok-3-TMS/src/main/resources/features/07.ParameterShifting.feature:27)
</pre></div><a href='#' onClick='toggleBox("stack-trace1781893382", this, "Click to show all stack frames", "Click to hide stack frames")'>Click to show all stack frames</a>
<div class='stack-trace' id='stack-trace1781893382'><pre>java.lang.AssertionError: expected [Form Add] but found [Tambah]
	at org.testng.Assert.fail(Assert.java:99)
	at org.testng.Assert.failNotEquals(Assert.java:1037)
	at org.testng.Assert.assertEqualsImpl(Assert.java:140)
	at org.testng.Assert.assertEquals(Assert.java:122)
	at org.testng.Assert.assertEquals(Assert.java:629)
	at org.testng.Assert.assertEquals(Assert.java:639)
	at com.juaracoding.cucumber.step_definitions.TestParameterShifting.user_get_field_edit_null_alert_shifting(TestParameterShifting.java:91)
	at ✽.User get field edit null alert shifting(file:///C:/Users/fauza/git/Kelompok-3-TMS/src/main/resources/features/07.ParameterShifting.feature:27)
</pre></div></td>
<td>5</td>
<td>com.juaracoding.cucumber.step_definitions.RunnerTest@56cdfb3b</td></tr>
<tr>
<td title='com.juaracoding.cucumber.step_definitions.RunnerTest.runScenario()'><b>runScenario</b><br>Test class: com.juaracoding.cucumber.step_definitions.RunnerTest<br>Test method: Runs Cucumber Scenarios<br>Parameters: "TCC04.Input kehadiran pulang kerja", "Absen Pulang"</td>
<td><div><pre>org.openqa.selenium.UnhandledAlertException: unexpected alert open: {Alert text : Anda sudah melakukan absen pulang!! Jika ingin melakukan absen kembali anda harus melakukan absen masuk terlebih dahulu!}
  (Session info: chrome=108.0.5359.125): Anda sudah melakukan absen pulang!! Jika ingin melakukan absen kembali anda harus melakukan absen masuk terlebih dahulu!
Build info: version: &apos;3.141.59&apos;, revision: &apos;e82be7d358&apos;, time: &apos;2018-11-14T08:17:03&apos;
System info: host: &apos;LAPTOP-VUBQFE7P&apos;, ip: &apos;192.168.68.103&apos;, os.name: &apos;Windows 11&apos;, os.arch: &apos;amd64&apos;, os.version: &apos;10.0&apos;, java.version: &apos;17.0.5&apos;
Driver info: org.openqa.selenium.chrome.ChromeDriver
Capabilities {acceptInsecureCerts: false, browserName: chrome, browserVersion: 108.0.5359.125, chrome: {chromedriverVersion: 107.0.5304.62 (1eec40d3a576..., userDataDir: C:\Users\fauza\AppData\Loca...}, goog:chromeOptions: {debuggerAddress: localhost:54097}, javascriptEnabled: true, networkConnectionEnabled: false, pageLoadStrategy: normal, platform: WINDOWS, platformName: WINDOWS, proxy: Proxy(), setWindowRect: true, strictFileInteractability: false, timeouts: {implicit: 0, pageLoad: 300000, script: 30000}, unhandledPromptBehavior: dismiss and notify, webauthn:extension:credBlob: true, webauthn:extension:largeBlob: true, webauthn:virtualAuthenticators: true}
Session ID: 6aa0978e21fd7c1c6e6510ac57a30a9e
*** Element info: {Using=xpath, value=//input[@type=&quot;submit&quot;]}
	at org.openqa.selenium.remote.http.W3CHttpResponseCodec.decode(W3CHttpResponseCodec.java:120)
	at org.openqa.selenium.remote.http.W3CHttpResponseCodec.decode(W3CHttpResponseCodec.java:49)
	at org.openqa.selenium.remote.HttpCommandExecutor.execute(HttpCommandExecutor.java:158)
	at org.openqa.selenium.remote.service.DriverCommandExecutor.execute(DriverCommandExecutor.java:83)
	at org.openqa.selenium.remote.RemoteWebDriver.execute(RemoteWebDriver.java:552)
	at org.openqa.selenium.remote.RemoteWebDriver.findElement(RemoteWebDriver.java:323)
	at org.openqa.selenium.remote.RemoteWebDriver.findElementByXPath(RemoteWebDriver.java:428)
	at org.openqa.selenium.By$ByXPath.findElement(By.java:353)
	at org.openqa.selenium.remote.RemoteWebDriver.findElement(RemoteWebDriver.java:315)
	at org.openqa.selenium.support.pagefactory.DefaultElementLocator.findElement(DefaultElementLocator.java:69)
	at org.openqa.selenium.support.pagefactory.internal.LocatingElementHandler.invoke(LocatingElementHandler.java:38)
	at jdk.proxy2/jdk.proxy2.$Proxy28.click(Unknown Source)
	at com.juaracoding.cucumber.pages.AbsenPulangPage.clickBtnSubmit(AbsenPulangPage.java:75)
	at com.juaracoding.cucumber.step_definitions.AbsenPulang.tcc04_submit(AbsenPulang.java:39)
	at ✽.TCC04.Submit(file:///C:/Users/fauza/git/Kelompok-3-TMS/src/main/resources/features/11.AbsenPulang.feature:5)
</pre></div><a href='#' onClick='toggleBox("stack-trace670626252", this, "Click to show all stack frames", "Click to hide stack frames")'>Click to show all stack frames</a>
<div class='stack-trace' id='stack-trace670626252'><pre>org.openqa.selenium.UnhandledAlertException: unexpected alert open: {Alert text : Anda sudah melakukan absen pulang!! Jika ingin melakukan absen kembali anda harus melakukan absen masuk terlebih dahulu!}
  (Session info: chrome=108.0.5359.125): Anda sudah melakukan absen pulang!! Jika ingin melakukan absen kembali anda harus melakukan absen masuk terlebih dahulu!
Build info: version: &apos;3.141.59&apos;, revision: &apos;e82be7d358&apos;, time: &apos;2018-11-14T08:17:03&apos;
System info: host: &apos;LAPTOP-VUBQFE7P&apos;, ip: &apos;192.168.68.103&apos;, os.name: &apos;Windows 11&apos;, os.arch: &apos;amd64&apos;, os.version: &apos;10.0&apos;, java.version: &apos;17.0.5&apos;
Driver info: org.openqa.selenium.chrome.ChromeDriver
Capabilities {acceptInsecureCerts: false, browserName: chrome, browserVersion: 108.0.5359.125, chrome: {chromedriverVersion: 107.0.5304.62 (1eec40d3a576..., userDataDir: C:\Users\fauza\AppData\Loca...}, goog:chromeOptions: {debuggerAddress: localhost:54097}, javascriptEnabled: true, networkConnectionEnabled: false, pageLoadStrategy: normal, platform: WINDOWS, platformName: WINDOWS, proxy: Proxy(), setWindowRect: true, strictFileInteractability: false, timeouts: {implicit: 0, pageLoad: 300000, script: 30000}, unhandledPromptBehavior: dismiss and notify, webauthn:extension:credBlob: true, webauthn:extension:largeBlob: true, webauthn:virtualAuthenticators: true}
Session ID: 6aa0978e21fd7c1c6e6510ac57a30a9e
*** Element info: {Using=xpath, value=//input[@type=&quot;submit&quot;]}
	at org.openqa.selenium.remote.http.W3CHttpResponseCodec.decode(W3CHttpResponseCodec.java:120)
	at org.openqa.selenium.remote.http.W3CHttpResponseCodec.decode(W3CHttpResponseCodec.java:49)
	at org.openqa.selenium.remote.HttpCommandExecutor.execute(HttpCommandExecutor.java:158)
	at org.openqa.selenium.remote.service.DriverCommandExecutor.execute(DriverCommandExecutor.java:83)
	at org.openqa.selenium.remote.RemoteWebDriver.execute(RemoteWebDriver.java:552)
	at org.openqa.selenium.remote.RemoteWebDriver.findElement(RemoteWebDriver.java:323)
	at org.openqa.selenium.remote.RemoteWebDriver.findElementByXPath(RemoteWebDriver.java:428)
	at org.openqa.selenium.By$ByXPath.findElement(By.java:353)
	at org.openqa.selenium.remote.RemoteWebDriver.findElement(RemoteWebDriver.java:315)
	at org.openqa.selenium.support.pagefactory.DefaultElementLocator.findElement(DefaultElementLocator.java:69)
	at org.openqa.selenium.support.pagefactory.internal.LocatingElementHandler.invoke(LocatingElementHandler.java:38)
	at jdk.proxy2/jdk.proxy2.$Proxy28.click(Unknown Source)
	at com.juaracoding.cucumber.pages.AbsenPulangPage.clickBtnSubmit(AbsenPulangPage.java:75)
	at com.juaracoding.cucumber.step_definitions.AbsenPulang.tcc04_submit(AbsenPulang.java:39)
	at ✽.TCC04.Submit(file:///C:/Users/fauza/git/Kelompok-3-TMS/src/main/resources/features/11.AbsenPulang.feature:5)
</pre></div></td>
<td>1</td>
<td>com.juaracoding.cucumber.step_definitions.RunnerTest@56cdfb3b</td></tr>
<tr>
<td title='com.juaracoding.cucumber.step_definitions.RunnerTest.runScenario()'><b>runScenario</b><br>Test class: com.juaracoding.cucumber.step_definitions.RunnerTest<br>Test method: Runs Cucumber Scenarios<br>Parameters: "TCC02.Input kehadiran masuk kerja", "Absen Masuk"</td>
<td><div><pre>org.openqa.selenium.NoSuchElementException: no such element: Unable to locate element: {&quot;method&quot;:&quot;xpath&quot;,&quot;selector&quot;:&quot;//select[@name=&apos;type_shift&apos;]/option[2]&quot;}
  (Session info: chrome=108.0.5359.125)
For documentation on this error, please visit: https://www.seleniumhq.org/exceptions/no_such_element.html
Build info: version: &apos;3.141.59&apos;, revision: &apos;e82be7d358&apos;, time: &apos;2018-11-14T08:17:03&apos;
System info: host: &apos;LAPTOP-VUBQFE7P&apos;, ip: &apos;192.168.68.103&apos;, os.name: &apos;Windows 11&apos;, os.arch: &apos;amd64&apos;, os.version: &apos;10.0&apos;, java.version: &apos;17.0.5&apos;
Driver info: org.openqa.selenium.chrome.ChromeDriver
Capabilities {acceptInsecureCerts: false, browserName: chrome, browserVersion: 108.0.5359.125, chrome: {chromedriverVersion: 107.0.5304.62 (1eec40d3a576..., userDataDir: C:\Users\fauza\AppData\Loca...}, goog:chromeOptions: {debuggerAddress: localhost:54097}, javascriptEnabled: true, networkConnectionEnabled: false, pageLoadStrategy: normal, platform: WINDOWS, platformName: WINDOWS, proxy: Proxy(), setWindowRect: true, strictFileInteractability: false, timeouts: {implicit: 0, pageLoad: 300000, script: 30000}, unhandledPromptBehavior: dismiss and notify, webauthn:extension:credBlob: true, webauthn:extension:largeBlob: true, webauthn:virtualAuthenticators: true}
Session ID: 6aa0978e21fd7c1c6e6510ac57a30a9e
*** Element info: {Using=xpath, value=//select[@name=&apos;type_shift&apos;]/option[2]}
	at java.base/jdk.internal.reflect.NativeConstructorAccessorImpl.newInstance0(Native Method)
	at java.base/jdk.internal.reflect.NativeConstructorAccessorImpl.newInstance(NativeConstructorAccessorImpl.java:77)
	at java.base/jdk.internal.reflect.DelegatingConstructorAccessorImpl.newInstance(DelegatingConstructorAccessorImpl.java:45)
	at java.base/java.lang.reflect.Constructor.newInstanceWithCaller(Constructor.java:499)
	at java.base/java.lang.reflect.Constructor.newInstance(Constructor.java:480)
	at org.openqa.selenium.remote.http.W3CHttpResponseCodec.createException(W3CHttpResponseCodec.java:187)
	at org.openqa.selenium.remote.http.W3CHttpResponseCodec.decode(W3CHttpResponseCodec.java:122)
	at org.openqa.selenium.remote.http.W3CHttpResponseCodec.decode(W3CHttpResponseCodec.java:49)
	at org.openqa.selenium.remote.HttpCommandExecutor.execute(HttpCommandExecutor.java:158)
	at org.openqa.selenium.remote.service.DriverCommandExecutor.execute(DriverCommandExecutor.java:83)
	at org.openqa.selenium.remote.RemoteWebDriver.execute(RemoteWebDriver.java:552)
	at org.openqa.selenium.remote.RemoteWebDriver.findElement(RemoteWebDriver.java:323)
	at org.openqa.selenium.remote.RemoteWebDriver.findElementByXPath(RemoteWebDriver.java:428)
	at org.openqa.selenium.By$ByXPath.findElement(By.java:353)
	at org.openqa.selenium.remote.RemoteWebDriver.findElement(RemoteWebDriver.java:315)
	at org.openqa.selenium.support.pagefactory.DefaultElementLocator.findElement(DefaultElementLocator.java:69)
	at org.openqa.selenium.support.pagefactory.internal.LocatingElementHandler.invoke(LocatingElementHandler.java:38)
	at jdk.proxy2/jdk.proxy2.$Proxy28.click(Unknown Source)
	at com.juaracoding.cucumber.pages.AbsenMasukPage.clicktypeshift1(AbsenMasukPage.java:53)
	at com.juaracoding.cucumber.step_definitions.AbsenMasuk.tcc02_input_tipe_shift(AbsenMasuk.java:63)
	at ✽.TCC02.Input tipe Shift(file:///C:/Users/fauza/git/Kelompok-3-TMS/src/main/resources/features/10.AbsenMasuk.feature:11)
</pre></div><a href='#' onClick='toggleBox("stack-trace432465953", this, "Click to show all stack frames", "Click to hide stack frames")'>Click to show all stack frames</a>
<div class='stack-trace' id='stack-trace432465953'><pre>org.openqa.selenium.NoSuchElementException: no such element: Unable to locate element: {&quot;method&quot;:&quot;xpath&quot;,&quot;selector&quot;:&quot;//select[@name=&apos;type_shift&apos;]/option[2]&quot;}
  (Session info: chrome=108.0.5359.125)
For documentation on this error, please visit: https://www.seleniumhq.org/exceptions/no_such_element.html
Build info: version: &apos;3.141.59&apos;, revision: &apos;e82be7d358&apos;, time: &apos;2018-11-14T08:17:03&apos;
System info: host: &apos;LAPTOP-VUBQFE7P&apos;, ip: &apos;192.168.68.103&apos;, os.name: &apos;Windows 11&apos;, os.arch: &apos;amd64&apos;, os.version: &apos;10.0&apos;, java.version: &apos;17.0.5&apos;
Driver info: org.openqa.selenium.chrome.ChromeDriver
Capabilities {acceptInsecureCerts: false, browserName: chrome, browserVersion: 108.0.5359.125, chrome: {chromedriverVersion: 107.0.5304.62 (1eec40d3a576..., userDataDir: C:\Users\fauza\AppData\Loca...}, goog:chromeOptions: {debuggerAddress: localhost:54097}, javascriptEnabled: true, networkConnectionEnabled: false, pageLoadStrategy: normal, platform: WINDOWS, platformName: WINDOWS, proxy: Proxy(), setWindowRect: true, strictFileInteractability: false, timeouts: {implicit: 0, pageLoad: 300000, script: 30000}, unhandledPromptBehavior: dismiss and notify, webauthn:extension:credBlob: true, webauthn:extension:largeBlob: true, webauthn:virtualAuthenticators: true}
Session ID: 6aa0978e21fd7c1c6e6510ac57a30a9e
*** Element info: {Using=xpath, value=//select[@name=&apos;type_shift&apos;]/option[2]}
	at java.base/jdk.internal.reflect.NativeConstructorAccessorImpl.newInstance0(Native Method)
	at java.base/jdk.internal.reflect.NativeConstructorAccessorImpl.newInstance(NativeConstructorAccessorImpl.java:77)
	at java.base/jdk.internal.reflect.DelegatingConstructorAccessorImpl.newInstance(DelegatingConstructorAccessorImpl.java:45)
	at java.base/java.lang.reflect.Constructor.newInstanceWithCaller(Constructor.java:499)
	at java.base/java.lang.reflect.Constructor.newInstance(Constructor.java:480)
	at org.openqa.selenium.remote.http.W3CHttpResponseCodec.createException(W3CHttpResponseCodec.java:187)
	at org.openqa.selenium.remote.http.W3CHttpResponseCodec.decode(W3CHttpResponseCodec.java:122)
	at org.openqa.selenium.remote.http.W3CHttpResponseCodec.decode(W3CHttpResponseCodec.java:49)
	at org.openqa.selenium.remote.HttpCommandExecutor.execute(HttpCommandExecutor.java:158)
	at org.openqa.selenium.remote.service.DriverCommandExecutor.execute(DriverCommandExecutor.java:83)
	at org.openqa.selenium.remote.RemoteWebDriver.execute(RemoteWebDriver.java:552)
	at org.openqa.selenium.remote.RemoteWebDriver.findElement(RemoteWebDriver.java:323)
	at org.openqa.selenium.remote.RemoteWebDriver.findElementByXPath(RemoteWebDriver.java:428)
	at org.openqa.selenium.By$ByXPath.findElement(By.java:353)
	at org.openqa.selenium.remote.RemoteWebDriver.findElement(RemoteWebDriver.java:315)
	at org.openqa.selenium.support.pagefactory.DefaultElementLocator.findElement(DefaultElementLocator.java:69)
	at org.openqa.selenium.support.pagefactory.internal.LocatingElementHandler.invoke(LocatingElementHandler.java:38)
	at jdk.proxy2/jdk.proxy2.$Proxy28.click(Unknown Source)
	at com.juaracoding.cucumber.pages.AbsenMasukPage.clicktypeshift1(AbsenMasukPage.java:53)
	at com.juaracoding.cucumber.step_definitions.AbsenMasuk.tcc02_input_tipe_shift(AbsenMasuk.java:63)
	at ✽.TCC02.Input tipe Shift(file:///C:/Users/fauza/git/Kelompok-3-TMS/src/main/resources/features/10.AbsenMasuk.feature:11)
</pre></div></td>
<td>10</td>
<td>com.juaracoding.cucumber.step_definitions.RunnerTest@56cdfb3b</td></tr>
<tr>
<td title='com.juaracoding.cucumber.step_definitions.RunnerTest.runScenario()'><b>runScenario</b><br>Test class: com.juaracoding.cucumber.step_definitions.RunnerTest<br>Test method: Runs Cucumber Scenarios<br>Parameters: "TCC08.Input kehadiran izin", "Absen Izin"</td>
<td><div><pre>org.openqa.selenium.ElementNotInteractableException: element not interactable
  (Session info: chrome=108.0.5359.125)
Build info: version: &apos;3.141.59&apos;, revision: &apos;e82be7d358&apos;, time: &apos;2018-11-14T08:17:03&apos;
System info: host: &apos;LAPTOP-VUBQFE7P&apos;, ip: &apos;192.168.68.103&apos;, os.name: &apos;Windows 11&apos;, os.arch: &apos;amd64&apos;, os.version: &apos;10.0&apos;, java.version: &apos;17.0.5&apos;
Driver info: org.openqa.selenium.chrome.ChromeDriver
Capabilities {acceptInsecureCerts: false, browserName: chrome, browserVersion: 108.0.5359.125, chrome: {chromedriverVersion: 107.0.5304.62 (1eec40d3a576..., userDataDir: C:\Users\fauza\AppData\Loca...}, goog:chromeOptions: {debuggerAddress: localhost:54097}, javascriptEnabled: true, networkConnectionEnabled: false, pageLoadStrategy: normal, platform: WINDOWS, platformName: WINDOWS, proxy: Proxy(), setWindowRect: true, strictFileInteractability: false, timeouts: {implicit: 0, pageLoad: 300000, script: 30000}, unhandledPromptBehavior: dismiss and notify, webauthn:extension:credBlob: true, webauthn:extension:largeBlob: true, webauthn:virtualAuthenticators: true}
Session ID: 6aa0978e21fd7c1c6e6510ac57a30a9e
	at java.base/jdk.internal.reflect.NativeConstructorAccessorImpl.newInstance0(Native Method)
	at java.base/jdk.internal.reflect.NativeConstructorAccessorImpl.newInstance(NativeConstructorAccessorImpl.java:77)
	at java.base/jdk.internal.reflect.DelegatingConstructorAccessorImpl.newInstance(DelegatingConstructorAccessorImpl.java:45)
	at java.base/java.lang.reflect.Constructor.newInstanceWithCaller(Constructor.java:499)
	at java.base/java.lang.reflect.Constructor.newInstance(Constructor.java:480)
	at org.openqa.selenium.remote.http.W3CHttpResponseCodec.createException(W3CHttpResponseCodec.java:187)
	at org.openqa.selenium.remote.http.W3CHttpResponseCodec.decode(W3CHttpResponseCodec.java:122)
	at org.openqa.selenium.remote.http.W3CHttpResponseCodec.decode(W3CHttpResponseCodec.java:49)
	at org.openqa.selenium.remote.HttpCommandExecutor.execute(HttpCommandExecutor.java:158)
	at org.openqa.selenium.remote.service.DriverCommandExecutor.execute(DriverCommandExecutor.java:83)
	at org.openqa.selenium.remote.RemoteWebDriver.execute(RemoteWebDriver.java:552)
	at org.openqa.selenium.remote.RemoteWebElement.execute(RemoteWebElement.java:285)
	at org.openqa.selenium.remote.RemoteWebElement.click(RemoteWebElement.java:84)
	at jdk.internal.reflect.GeneratedMethodAccessor101.invoke(Unknown Source)
	at java.base/jdk.internal.reflect.DelegatingMethodAccessorImpl.invoke(DelegatingMethodAccessorImpl.java:43)
	at java.base/java.lang.reflect.Method.invoke(Method.java:568)
	at org.openqa.selenium.support.pagefactory.internal.LocatingElementHandler.invoke(LocatingElementHandler.java:51)
	at jdk.proxy2/jdk.proxy2.$Proxy28.click(Unknown Source)
	at com.juaracoding.cucumber.pages.AbsenIzinPage.clicktypeshift(AbsenIzinPage.java:57)
	at com.juaracoding.cucumber.step_definitions.AbsenIzin.tcc08_input_tipe_shift(AbsenIzin.java:64)
	at ✽.TCC08.Input tipe Shift(file:///C:/Users/fauza/git/Kelompok-3-TMS/src/main/resources/features/12.AbsenIzin.feature:11)
</pre></div><a href='#' onClick='toggleBox("stack-trace940364390", this, "Click to show all stack frames", "Click to hide stack frames")'>Click to show all stack frames</a>
<div class='stack-trace' id='stack-trace940364390'><pre>org.openqa.selenium.ElementNotInteractableException: element not interactable
  (Session info: chrome=108.0.5359.125)
Build info: version: &apos;3.141.59&apos;, revision: &apos;e82be7d358&apos;, time: &apos;2018-11-14T08:17:03&apos;
System info: host: &apos;LAPTOP-VUBQFE7P&apos;, ip: &apos;192.168.68.103&apos;, os.name: &apos;Windows 11&apos;, os.arch: &apos;amd64&apos;, os.version: &apos;10.0&apos;, java.version: &apos;17.0.5&apos;
Driver info: org.openqa.selenium.chrome.ChromeDriver
Capabilities {acceptInsecureCerts: false, browserName: chrome, browserVersion: 108.0.5359.125, chrome: {chromedriverVersion: 107.0.5304.62 (1eec40d3a576..., userDataDir: C:\Users\fauza\AppData\Loca...}, goog:chromeOptions: {debuggerAddress: localhost:54097}, javascriptEnabled: true, networkConnectionEnabled: false, pageLoadStrategy: normal, platform: WINDOWS, platformName: WINDOWS, proxy: Proxy(), setWindowRect: true, strictFileInteractability: false, timeouts: {implicit: 0, pageLoad: 300000, script: 30000}, unhandledPromptBehavior: dismiss and notify, webauthn:extension:credBlob: true, webauthn:extension:largeBlob: true, webauthn:virtualAuthenticators: true}
Session ID: 6aa0978e21fd7c1c6e6510ac57a30a9e
	at java.base/jdk.internal.reflect.NativeConstructorAccessorImpl.newInstance0(Native Method)
	at java.base/jdk.internal.reflect.NativeConstructorAccessorImpl.newInstance(NativeConstructorAccessorImpl.java:77)
	at java.base/jdk.internal.reflect.DelegatingConstructorAccessorImpl.newInstance(DelegatingConstructorAccessorImpl.java:45)
	at java.base/java.lang.reflect.Constructor.newInstanceWithCaller(Constructor.java:499)
	at java.base/java.lang.reflect.Constructor.newInstance(Constructor.java:480)
	at org.openqa.selenium.remote.http.W3CHttpResponseCodec.createException(W3CHttpResponseCodec.java:187)
	at org.openqa.selenium.remote.http.W3CHttpResponseCodec.decode(W3CHttpResponseCodec.java:122)
	at org.openqa.selenium.remote.http.W3CHttpResponseCodec.decode(W3CHttpResponseCodec.java:49)
	at org.openqa.selenium.remote.HttpCommandExecutor.execute(HttpCommandExecutor.java:158)
	at org.openqa.selenium.remote.service.DriverCommandExecutor.execute(DriverCommandExecutor.java:83)
	at org.openqa.selenium.remote.RemoteWebDriver.execute(RemoteWebDriver.java:552)
	at org.openqa.selenium.remote.RemoteWebElement.execute(RemoteWebElement.java:285)
	at org.openqa.selenium.remote.RemoteWebElement.click(RemoteWebElement.java:84)
	at jdk.internal.reflect.GeneratedMethodAccessor101.invoke(Unknown Source)
	at java.base/jdk.internal.reflect.DelegatingMethodAccessorImpl.invoke(DelegatingMethodAccessorImpl.java:43)
	at java.base/java.lang.reflect.Method.invoke(Method.java:568)
	at org.openqa.selenium.support.pagefactory.internal.LocatingElementHandler.invoke(LocatingElementHandler.java:51)
	at jdk.proxy2/jdk.proxy2.$Proxy28.click(Unknown Source)
	at com.juaracoding.cucumber.pages.AbsenIzinPage.clicktypeshift(AbsenIzinPage.java:57)
	at com.juaracoding.cucumber.step_definitions.AbsenIzin.tcc08_input_tipe_shift(AbsenIzin.java:64)
	at ✽.TCC08.Input tipe Shift(file:///C:/Users/fauza/git/Kelompok-3-TMS/src/main/resources/features/12.AbsenIzin.feature:11)
</pre></div></td>
<td>11</td>
<td>com.juaracoding.cucumber.step_definitions.RunnerTest@56cdfb3b</td></tr>
<tr>
<td title='com.juaracoding.cucumber.step_definitions.RunnerTest.runScenario()'><b>runScenario</b><br>Test class: com.juaracoding.cucumber.step_definitions.RunnerTest<br>Test method: Runs Cucumber Scenarios<br>Parameters: "TCC12. Input kehadiran sakit", "Absen Sakit"</td>
<td><div><pre>org.openqa.selenium.NoAlertPresentException: no such alert
  (Session info: chrome=108.0.5359.125)
Build info: version: &apos;3.141.59&apos;, revision: &apos;e82be7d358&apos;, time: &apos;2018-11-14T08:17:03&apos;
System info: host: &apos;LAPTOP-VUBQFE7P&apos;, ip: &apos;192.168.68.103&apos;, os.name: &apos;Windows 11&apos;, os.arch: &apos;amd64&apos;, os.version: &apos;10.0&apos;, java.version: &apos;17.0.5&apos;
Driver info: org.openqa.selenium.chrome.ChromeDriver
Capabilities {acceptInsecureCerts: false, browserName: chrome, browserVersion: 108.0.5359.125, chrome: {chromedriverVersion: 107.0.5304.62 (1eec40d3a576..., userDataDir: C:\Users\fauza\AppData\Loca...}, goog:chromeOptions: {debuggerAddress: localhost:54097}, javascriptEnabled: true, networkConnectionEnabled: false, pageLoadStrategy: normal, platform: WINDOWS, platformName: WINDOWS, proxy: Proxy(), setWindowRect: true, strictFileInteractability: false, timeouts: {implicit: 0, pageLoad: 300000, script: 30000}, unhandledPromptBehavior: dismiss and notify, webauthn:extension:credBlob: true, webauthn:extension:largeBlob: true, webauthn:virtualAuthenticators: true}
Session ID: 6aa0978e21fd7c1c6e6510ac57a30a9e
	at java.base/jdk.internal.reflect.NativeConstructorAccessorImpl.newInstance0(Native Method)
	at java.base/jdk.internal.reflect.NativeConstructorAccessorImpl.newInstance(NativeConstructorAccessorImpl.java:77)
	at java.base/jdk.internal.reflect.DelegatingConstructorAccessorImpl.newInstance(DelegatingConstructorAccessorImpl.java:45)
	at java.base/java.lang.reflect.Constructor.newInstanceWithCaller(Constructor.java:499)
	at java.base/java.lang.reflect.Constructor.newInstance(Constructor.java:480)
	at org.openqa.selenium.remote.http.W3CHttpResponseCodec.createException(W3CHttpResponseCodec.java:187)
	at org.openqa.selenium.remote.http.W3CHttpResponseCodec.decode(W3CHttpResponseCodec.java:122)
	at org.openqa.selenium.remote.http.W3CHttpResponseCodec.decode(W3CHttpResponseCodec.java:49)
	at org.openqa.selenium.remote.HttpCommandExecutor.execute(HttpCommandExecutor.java:158)
	at org.openqa.selenium.remote.service.DriverCommandExecutor.execute(DriverCommandExecutor.java:83)
	at org.openqa.selenium.remote.RemoteWebDriver.execute(RemoteWebDriver.java:552)
	at org.openqa.selenium.remote.RemoteWebDriver.execute(RemoteWebDriver.java:609)
	at org.openqa.selenium.remote.RemoteWebDriver$RemoteTargetLocator.alert(RemoteWebDriver.java:932)
	at com.juaracoding.cucumber.step_definitions.AbsenSakit.tcc12_muncul_alert(AbsenSakit.java:95)
	at ✽.TCC12. Muncul Alert(file:///C:/Users/fauza/git/Kelompok-3-TMS/src/main/resources/features/13.AbsenSakit.feature:19)
</pre></div><a href='#' onClick='toggleBox("stack-trace2131438577", this, "Click to show all stack frames", "Click to hide stack frames")'>Click to show all stack frames</a>
<div class='stack-trace' id='stack-trace2131438577'><pre>org.openqa.selenium.NoAlertPresentException: no such alert
  (Session info: chrome=108.0.5359.125)
Build info: version: &apos;3.141.59&apos;, revision: &apos;e82be7d358&apos;, time: &apos;2018-11-14T08:17:03&apos;
System info: host: &apos;LAPTOP-VUBQFE7P&apos;, ip: &apos;192.168.68.103&apos;, os.name: &apos;Windows 11&apos;, os.arch: &apos;amd64&apos;, os.version: &apos;10.0&apos;, java.version: &apos;17.0.5&apos;
Driver info: org.openqa.selenium.chrome.ChromeDriver
Capabilities {acceptInsecureCerts: false, browserName: chrome, browserVersion: 108.0.5359.125, chrome: {chromedriverVersion: 107.0.5304.62 (1eec40d3a576..., userDataDir: C:\Users\fauza\AppData\Loca...}, goog:chromeOptions: {debuggerAddress: localhost:54097}, javascriptEnabled: true, networkConnectionEnabled: false, pageLoadStrategy: normal, platform: WINDOWS, platformName: WINDOWS, proxy: Proxy(), setWindowRect: true, strictFileInteractability: false, timeouts: {implicit: 0, pageLoad: 300000, script: 30000}, unhandledPromptBehavior: dismiss and notify, webauthn:extension:credBlob: true, webauthn:extension:largeBlob: true, webauthn:virtualAuthenticators: true}
Session ID: 6aa0978e21fd7c1c6e6510ac57a30a9e
	at java.base/jdk.internal.reflect.NativeConstructorAccessorImpl.newInstance0(Native Method)
	at java.base/jdk.internal.reflect.NativeConstructorAccessorImpl.newInstance(NativeConstructorAccessorImpl.java:77)
	at java.base/jdk.internal.reflect.DelegatingConstructorAccessorImpl.newInstance(DelegatingConstructorAccessorImpl.java:45)
	at java.base/java.lang.reflect.Constructor.newInstanceWithCaller(Constructor.java:499)
	at java.base/java.lang.reflect.Constructor.newInstance(Constructor.java:480)
	at org.openqa.selenium.remote.http.W3CHttpResponseCodec.createException(W3CHttpResponseCodec.java:187)
	at org.openqa.selenium.remote.http.W3CHttpResponseCodec.decode(W3CHttpResponseCodec.java:122)
	at org.openqa.selenium.remote.http.W3CHttpResponseCodec.decode(W3CHttpResponseCodec.java:49)
	at org.openqa.selenium.remote.HttpCommandExecutor.execute(HttpCommandExecutor.java:158)
	at org.openqa.selenium.remote.service.DriverCommandExecutor.execute(DriverCommandExecutor.java:83)
	at org.openqa.selenium.remote.RemoteWebDriver.execute(RemoteWebDriver.java:552)
	at org.openqa.selenium.remote.RemoteWebDriver.execute(RemoteWebDriver.java:609)
	at org.openqa.selenium.remote.RemoteWebDriver$RemoteTargetLocator.alert(RemoteWebDriver.java:932)
	at com.juaracoding.cucumber.step_definitions.AbsenSakit.tcc12_muncul_alert(AbsenSakit.java:95)
	at ✽.TCC12. Muncul Alert(file:///C:/Users/fauza/git/Kelompok-3-TMS/src/main/resources/features/13.AbsenSakit.feature:19)
</pre></div></td>
<td>2</td>
<td>com.juaracoding.cucumber.step_definitions.RunnerTest@56cdfb3b</td></tr>
<tr>
<td title='com.juaracoding.cucumber.step_definitions.RunnerTest.runScenario()'><b>runScenario</b><br>Test class: com.juaracoding.cucumber.step_definitions.RunnerTest<br>Test method: Runs Cucumber Scenarios<br>Parameters: "TCC09. Input kehadiran izin", "Absen Izin"</td>
<td><div><pre>org.openqa.selenium.NoAlertPresentException: no such alert
  (Session info: chrome=108.0.5359.125)
Build info: version: &apos;3.141.59&apos;, revision: &apos;e82be7d358&apos;, time: &apos;2018-11-14T08:17:03&apos;
System info: host: &apos;LAPTOP-VUBQFE7P&apos;, ip: &apos;192.168.68.103&apos;, os.name: &apos;Windows 11&apos;, os.arch: &apos;amd64&apos;, os.version: &apos;10.0&apos;, java.version: &apos;17.0.5&apos;
Driver info: org.openqa.selenium.chrome.ChromeDriver
Capabilities {acceptInsecureCerts: false, browserName: chrome, browserVersion: 108.0.5359.125, chrome: {chromedriverVersion: 107.0.5304.62 (1eec40d3a576..., userDataDir: C:\Users\fauza\AppData\Loca...}, goog:chromeOptions: {debuggerAddress: localhost:54097}, javascriptEnabled: true, networkConnectionEnabled: false, pageLoadStrategy: normal, platform: WINDOWS, platformName: WINDOWS, proxy: Proxy(), setWindowRect: true, strictFileInteractability: false, timeouts: {implicit: 0, pageLoad: 300000, script: 30000}, unhandledPromptBehavior: dismiss and notify, webauthn:extension:credBlob: true, webauthn:extension:largeBlob: true, webauthn:virtualAuthenticators: true}
Session ID: 6aa0978e21fd7c1c6e6510ac57a30a9e
	at java.base/jdk.internal.reflect.NativeConstructorAccessorImpl.newInstance0(Native Method)
	at java.base/jdk.internal.reflect.NativeConstructorAccessorImpl.newInstance(NativeConstructorAccessorImpl.java:77)
	at java.base/jdk.internal.reflect.DelegatingConstructorAccessorImpl.newInstance(DelegatingConstructorAccessorImpl.java:45)
	at java.base/java.lang.reflect.Constructor.newInstanceWithCaller(Constructor.java:499)
	at java.base/java.lang.reflect.Constructor.newInstance(Constructor.java:480)
	at org.openqa.selenium.remote.http.W3CHttpResponseCodec.createException(W3CHttpResponseCodec.java:187)
	at org.openqa.selenium.remote.http.W3CHttpResponseCodec.decode(W3CHttpResponseCodec.java:122)
	at org.openqa.selenium.remote.http.W3CHttpResponseCodec.decode(W3CHttpResponseCodec.java:49)
	at org.openqa.selenium.remote.HttpCommandExecutor.execute(HttpCommandExecutor.java:158)
	at org.openqa.selenium.remote.service.DriverCommandExecutor.execute(DriverCommandExecutor.java:83)
	at org.openqa.selenium.remote.RemoteWebDriver.execute(RemoteWebDriver.java:552)
	at org.openqa.selenium.remote.RemoteWebDriver.execute(RemoteWebDriver.java:609)
	at org.openqa.selenium.remote.RemoteWebDriver$RemoteTargetLocator.alert(RemoteWebDriver.java:932)
	at com.juaracoding.cucumber.step_definitions.AbsenIzin.tcc09_muncul_alert(AbsenIzin.java:98)
	at ✽.TCC09. Muncul Alert(file:///C:/Users/fauza/git/Kelompok-3-TMS/src/main/resources/features/12.AbsenIzin.feature:19)
</pre></div><a href='#' onClick='toggleBox("stack-trace1521553533", this, "Click to show all stack frames", "Click to hide stack frames")'>Click to show all stack frames</a>
<div class='stack-trace' id='stack-trace1521553533'><pre>org.openqa.selenium.NoAlertPresentException: no such alert
  (Session info: chrome=108.0.5359.125)
Build info: version: &apos;3.141.59&apos;, revision: &apos;e82be7d358&apos;, time: &apos;2018-11-14T08:17:03&apos;
System info: host: &apos;LAPTOP-VUBQFE7P&apos;, ip: &apos;192.168.68.103&apos;, os.name: &apos;Windows 11&apos;, os.arch: &apos;amd64&apos;, os.version: &apos;10.0&apos;, java.version: &apos;17.0.5&apos;
Driver info: org.openqa.selenium.chrome.ChromeDriver
Capabilities {acceptInsecureCerts: false, browserName: chrome, browserVersion: 108.0.5359.125, chrome: {chromedriverVersion: 107.0.5304.62 (1eec40d3a576..., userDataDir: C:\Users\fauza\AppData\Loca...}, goog:chromeOptions: {debuggerAddress: localhost:54097}, javascriptEnabled: true, networkConnectionEnabled: false, pageLoadStrategy: normal, platform: WINDOWS, platformName: WINDOWS, proxy: Proxy(), setWindowRect: true, strictFileInteractability: false, timeouts: {implicit: 0, pageLoad: 300000, script: 30000}, unhandledPromptBehavior: dismiss and notify, webauthn:extension:credBlob: true, webauthn:extension:largeBlob: true, webauthn:virtualAuthenticators: true}
Session ID: 6aa0978e21fd7c1c6e6510ac57a30a9e
	at java.base/jdk.internal.reflect.NativeConstructorAccessorImpl.newInstance0(Native Method)
	at java.base/jdk.internal.reflect.NativeConstructorAccessorImpl.newInstance(NativeConstructorAccessorImpl.java:77)
	at java.base/jdk.internal.reflect.DelegatingConstructorAccessorImpl.newInstance(DelegatingConstructorAccessorImpl.java:45)
	at java.base/java.lang.reflect.Constructor.newInstanceWithCaller(Constructor.java:499)
	at java.base/java.lang.reflect.Constructor.newInstance(Constructor.java:480)
	at org.openqa.selenium.remote.http.W3CHttpResponseCodec.createException(W3CHttpResponseCodec.java:187)
	at org.openqa.selenium.remote.http.W3CHttpResponseCodec.decode(W3CHttpResponseCodec.java:122)
	at org.openqa.selenium.remote.http.W3CHttpResponseCodec.decode(W3CHttpResponseCodec.java:49)
	at org.openqa.selenium.remote.HttpCommandExecutor.execute(HttpCommandExecutor.java:158)
	at org.openqa.selenium.remote.service.DriverCommandExecutor.execute(DriverCommandExecutor.java:83)
	at org.openqa.selenium.remote.RemoteWebDriver.execute(RemoteWebDriver.java:552)
	at org.openqa.selenium.remote.RemoteWebDriver.execute(RemoteWebDriver.java:609)
	at org.openqa.selenium.remote.RemoteWebDriver$RemoteTargetLocator.alert(RemoteWebDriver.java:932)
	at com.juaracoding.cucumber.step_definitions.AbsenIzin.tcc09_muncul_alert(AbsenIzin.java:98)
	at ✽.TCC09. Muncul Alert(file:///C:/Users/fauza/git/Kelompok-3-TMS/src/main/resources/features/12.AbsenIzin.feature:19)
</pre></div></td>
<td>2</td>
<td>com.juaracoding.cucumber.step_definitions.RunnerTest@56cdfb3b</td></tr>
<tr>
<td title='com.juaracoding.cucumber.step_definitions.RunnerTest.runScenario()'><b>runScenario</b><br>Test class: com.juaracoding.cucumber.step_definitions.RunnerTest<br>Test method: Runs Cucumber Scenarios<br>Parameters: "TCC05.Input kehadiran pulang kerja", "Absen Pulang"</td>
<td><div><pre>org.openqa.selenium.UnhandledAlertException: unexpected alert open: {Alert text : Anda sudah melakukan absen pulang!! Jika ingin melakukan absen kembali anda harus melakukan absen masuk terlebih dahulu!}
  (Session info: chrome=108.0.5359.125): Anda sudah melakukan absen pulang!! Jika ingin melakukan absen kembali anda harus melakukan absen masuk terlebih dahulu!
Build info: version: &apos;3.141.59&apos;, revision: &apos;e82be7d358&apos;, time: &apos;2018-11-14T08:17:03&apos;
System info: host: &apos;LAPTOP-VUBQFE7P&apos;, ip: &apos;192.168.68.103&apos;, os.name: &apos;Windows 11&apos;, os.arch: &apos;amd64&apos;, os.version: &apos;10.0&apos;, java.version: &apos;17.0.5&apos;
Driver info: org.openqa.selenium.chrome.ChromeDriver
Capabilities {acceptInsecureCerts: false, browserName: chrome, browserVersion: 108.0.5359.125, chrome: {chromedriverVersion: 107.0.5304.62 (1eec40d3a576..., userDataDir: C:\Users\fauza\AppData\Loca...}, goog:chromeOptions: {debuggerAddress: localhost:54097}, javascriptEnabled: true, networkConnectionEnabled: false, pageLoadStrategy: normal, platform: WINDOWS, platformName: WINDOWS, proxy: Proxy(), setWindowRect: true, strictFileInteractability: false, timeouts: {implicit: 0, pageLoad: 300000, script: 30000}, unhandledPromptBehavior: dismiss and notify, webauthn:extension:credBlob: true, webauthn:extension:largeBlob: true, webauthn:virtualAuthenticators: true}
Session ID: 6aa0978e21fd7c1c6e6510ac57a30a9e
*** Element info: {Using=xpath, value=//input[@name=&apos;foto&apos;]}
	at org.openqa.selenium.remote.http.W3CHttpResponseCodec.decode(W3CHttpResponseCodec.java:120)
	at org.openqa.selenium.remote.http.W3CHttpResponseCodec.decode(W3CHttpResponseCodec.java:49)
	at org.openqa.selenium.remote.HttpCommandExecutor.execute(HttpCommandExecutor.java:158)
	at org.openqa.selenium.remote.service.DriverCommandExecutor.execute(DriverCommandExecutor.java:83)
	at org.openqa.selenium.remote.RemoteWebDriver.execute(RemoteWebDriver.java:552)
	at org.openqa.selenium.remote.RemoteWebDriver.findElement(RemoteWebDriver.java:323)
	at org.openqa.selenium.remote.RemoteWebDriver.findElementByXPath(RemoteWebDriver.java:428)
	at org.openqa.selenium.By$ByXPath.findElement(By.java:353)
	at org.openqa.selenium.remote.RemoteWebDriver.findElement(RemoteWebDriver.java:315)
	at org.openqa.selenium.support.pagefactory.DefaultElementLocator.findElement(DefaultElementLocator.java:69)
	at org.openqa.selenium.support.pagefactory.internal.LocatingElementHandler.invoke(LocatingElementHandler.java:38)
	at jdk.proxy2/jdk.proxy2.$Proxy28.sendKeys(Unknown Source)
	at com.juaracoding.cucumber.pages.AbsenPulangPage.uploadfoto(AbsenPulangPage.java:51)
	at com.juaracoding.cucumber.step_definitions.AbsenPulang.tcc05_upload_foto_selfie(AbsenPulang.java:55)
	at ✽.TCC05.Upload foto selfie(file:///C:/Users/fauza/git/Kelompok-3-TMS/src/main/resources/features/11.AbsenPulang.feature:9)
</pre></div><a href='#' onClick='toggleBox("stack-trace1247720979", this, "Click to show all stack frames", "Click to hide stack frames")'>Click to show all stack frames</a>
<div class='stack-trace' id='stack-trace1247720979'><pre>org.openqa.selenium.UnhandledAlertException: unexpected alert open: {Alert text : Anda sudah melakukan absen pulang!! Jika ingin melakukan absen kembali anda harus melakukan absen masuk terlebih dahulu!}
  (Session info: chrome=108.0.5359.125): Anda sudah melakukan absen pulang!! Jika ingin melakukan absen kembali anda harus melakukan absen masuk terlebih dahulu!
Build info: version: &apos;3.141.59&apos;, revision: &apos;e82be7d358&apos;, time: &apos;2018-11-14T08:17:03&apos;
System info: host: &apos;LAPTOP-VUBQFE7P&apos;, ip: &apos;192.168.68.103&apos;, os.name: &apos;Windows 11&apos;, os.arch: &apos;amd64&apos;, os.version: &apos;10.0&apos;, java.version: &apos;17.0.5&apos;
Driver info: org.openqa.selenium.chrome.ChromeDriver
Capabilities {acceptInsecureCerts: false, browserName: chrome, browserVersion: 108.0.5359.125, chrome: {chromedriverVersion: 107.0.5304.62 (1eec40d3a576..., userDataDir: C:\Users\fauza\AppData\Loca...}, goog:chromeOptions: {debuggerAddress: localhost:54097}, javascriptEnabled: true, networkConnectionEnabled: false, pageLoadStrategy: normal, platform: WINDOWS, platformName: WINDOWS, proxy: Proxy(), setWindowRect: true, strictFileInteractability: false, timeouts: {implicit: 0, pageLoad: 300000, script: 30000}, unhandledPromptBehavior: dismiss and notify, webauthn:extension:credBlob: true, webauthn:extension:largeBlob: true, webauthn:virtualAuthenticators: true}
Session ID: 6aa0978e21fd7c1c6e6510ac57a30a9e
*** Element info: {Using=xpath, value=//input[@name=&apos;foto&apos;]}
	at org.openqa.selenium.remote.http.W3CHttpResponseCodec.decode(W3CHttpResponseCodec.java:120)
	at org.openqa.selenium.remote.http.W3CHttpResponseCodec.decode(W3CHttpResponseCodec.java:49)
	at org.openqa.selenium.remote.HttpCommandExecutor.execute(HttpCommandExecutor.java:158)
	at org.openqa.selenium.remote.service.DriverCommandExecutor.execute(DriverCommandExecutor.java:83)
	at org.openqa.selenium.remote.RemoteWebDriver.execute(RemoteWebDriver.java:552)
	at org.openqa.selenium.remote.RemoteWebDriver.findElement(RemoteWebDriver.java:323)
	at org.openqa.selenium.remote.RemoteWebDriver.findElementByXPath(RemoteWebDriver.java:428)
	at org.openqa.selenium.By$ByXPath.findElement(By.java:353)
	at org.openqa.selenium.remote.RemoteWebDriver.findElement(RemoteWebDriver.java:315)
	at org.openqa.selenium.support.pagefactory.DefaultElementLocator.findElement(DefaultElementLocator.java:69)
	at org.openqa.selenium.support.pagefactory.internal.LocatingElementHandler.invoke(LocatingElementHandler.java:38)
	at jdk.proxy2/jdk.proxy2.$Proxy28.sendKeys(Unknown Source)
	at com.juaracoding.cucumber.pages.AbsenPulangPage.uploadfoto(AbsenPulangPage.java:51)
	at com.juaracoding.cucumber.step_definitions.AbsenPulang.tcc05_upload_foto_selfie(AbsenPulang.java:55)
	at ✽.TCC05.Upload foto selfie(file:///C:/Users/fauza/git/Kelompok-3-TMS/src/main/resources/features/11.AbsenPulang.feature:9)
</pre></div></td>
<td>0</td>
<td>com.juaracoding.cucumber.step_definitions.RunnerTest@56cdfb3b</td></tr>
<tr>
<td title='com.juaracoding.cucumber.step_definitions.RunnerTest.runScenario()'><b>runScenario</b><br>Test class: com.juaracoding.cucumber.step_definitions.RunnerTest<br>Test method: Runs Cucumber Scenarios<br>Parameters: "TCC07.Input kehadiran izin", "Absen Izin"</td>
<td><div><pre>org.openqa.selenium.NoSuchElementException: no such element: Unable to locate element: {&quot;method&quot;:&quot;css selector&quot;,&quot;selector&quot;:&quot;*[name=&apos;username&apos;]&quot;}
  (Session info: chrome=108.0.5359.125)
For documentation on this error, please visit: https://www.seleniumhq.org/exceptions/no_such_element.html
Build info: version: &apos;3.141.59&apos;, revision: &apos;e82be7d358&apos;, time: &apos;2018-11-14T08:17:03&apos;
System info: host: &apos;LAPTOP-VUBQFE7P&apos;, ip: &apos;192.168.68.103&apos;, os.name: &apos;Windows 11&apos;, os.arch: &apos;amd64&apos;, os.version: &apos;10.0&apos;, java.version: &apos;17.0.5&apos;
Driver info: org.openqa.selenium.chrome.ChromeDriver
Capabilities {acceptInsecureCerts: false, browserName: chrome, browserVersion: 108.0.5359.125, chrome: {chromedriverVersion: 107.0.5304.62 (1eec40d3a576..., userDataDir: C:\Users\fauza\AppData\Loca...}, goog:chromeOptions: {debuggerAddress: localhost:54097}, javascriptEnabled: true, networkConnectionEnabled: false, pageLoadStrategy: normal, platform: WINDOWS, platformName: WINDOWS, proxy: Proxy(), setWindowRect: true, strictFileInteractability: false, timeouts: {implicit: 0, pageLoad: 300000, script: 30000}, unhandledPromptBehavior: dismiss and notify, webauthn:extension:credBlob: true, webauthn:extension:largeBlob: true, webauthn:virtualAuthenticators: true}
Session ID: 6aa0978e21fd7c1c6e6510ac57a30a9e
*** Element info: {Using=name, value=username}
	at java.base/jdk.internal.reflect.NativeConstructorAccessorImpl.newInstance0(Native Method)
	at java.base/jdk.internal.reflect.NativeConstructorAccessorImpl.newInstance(NativeConstructorAccessorImpl.java:77)
	at java.base/jdk.internal.reflect.DelegatingConstructorAccessorImpl.newInstance(DelegatingConstructorAccessorImpl.java:45)
	at java.base/java.lang.reflect.Constructor.newInstanceWithCaller(Constructor.java:499)
	at java.base/java.lang.reflect.Constructor.newInstance(Constructor.java:480)
	at org.openqa.selenium.remote.http.W3CHttpResponseCodec.createException(W3CHttpResponseCodec.java:187)
	at org.openqa.selenium.remote.http.W3CHttpResponseCodec.decode(W3CHttpResponseCodec.java:122)
	at org.openqa.selenium.remote.http.W3CHttpResponseCodec.decode(W3CHttpResponseCodec.java:49)
	at org.openqa.selenium.remote.HttpCommandExecutor.execute(HttpCommandExecutor.java:158)
	at org.openqa.selenium.remote.service.DriverCommandExecutor.execute(DriverCommandExecutor.java:83)
	at org.openqa.selenium.remote.RemoteWebDriver.execute(RemoteWebDriver.java:552)
	at org.openqa.selenium.remote.RemoteWebDriver.findElement(RemoteWebDriver.java:323)
	at org.openqa.selenium.remote.RemoteWebDriver.findElementByName(RemoteWebDriver.java:404)
	at org.openqa.selenium.By$ByName.findElement(By.java:284)
	at org.openqa.selenium.remote.RemoteWebDriver.findElement(RemoteWebDriver.java:315)
	at org.openqa.selenium.support.pagefactory.DefaultElementLocator.findElement(DefaultElementLocator.java:69)
	at org.openqa.selenium.support.pagefactory.internal.LocatingElementHandler.invoke(LocatingElementHandler.java:38)
	at jdk.proxy2/jdk.proxy2.$Proxy28.sendKeys(Unknown Source)
	at com.juaracoding.cucumber.pages.LoginPage.login(LoginPage.java:51)
	at com.juaracoding.cucumber.step_definitions.AbsenIzin.tcc07_tampilan_izin(AbsenIzin.java:31)
	at ✽.TCC07.Tampilan Izin(file:///C:/Users/fauza/git/Kelompok-3-TMS/src/main/resources/features/12.AbsenIzin.feature:4)
</pre></div><a href='#' onClick='toggleBox("stack-trace2111384118", this, "Click to show all stack frames", "Click to hide stack frames")'>Click to show all stack frames</a>
<div class='stack-trace' id='stack-trace2111384118'><pre>org.openqa.selenium.NoSuchElementException: no such element: Unable to locate element: {&quot;method&quot;:&quot;css selector&quot;,&quot;selector&quot;:&quot;*[name=&apos;username&apos;]&quot;}
  (Session info: chrome=108.0.5359.125)
For documentation on this error, please visit: https://www.seleniumhq.org/exceptions/no_such_element.html
Build info: version: &apos;3.141.59&apos;, revision: &apos;e82be7d358&apos;, time: &apos;2018-11-14T08:17:03&apos;
System info: host: &apos;LAPTOP-VUBQFE7P&apos;, ip: &apos;192.168.68.103&apos;, os.name: &apos;Windows 11&apos;, os.arch: &apos;amd64&apos;, os.version: &apos;10.0&apos;, java.version: &apos;17.0.5&apos;
Driver info: org.openqa.selenium.chrome.ChromeDriver
Capabilities {acceptInsecureCerts: false, browserName: chrome, browserVersion: 108.0.5359.125, chrome: {chromedriverVersion: 107.0.5304.62 (1eec40d3a576..., userDataDir: C:\Users\fauza\AppData\Loca...}, goog:chromeOptions: {debuggerAddress: localhost:54097}, javascriptEnabled: true, networkConnectionEnabled: false, pageLoadStrategy: normal, platform: WINDOWS, platformName: WINDOWS, proxy: Proxy(), setWindowRect: true, strictFileInteractability: false, timeouts: {implicit: 0, pageLoad: 300000, script: 30000}, unhandledPromptBehavior: dismiss and notify, webauthn:extension:credBlob: true, webauthn:extension:largeBlob: true, webauthn:virtualAuthenticators: true}
Session ID: 6aa0978e21fd7c1c6e6510ac57a30a9e
*** Element info: {Using=name, value=username}
	at java.base/jdk.internal.reflect.NativeConstructorAccessorImpl.newInstance0(Native Method)
	at java.base/jdk.internal.reflect.NativeConstructorAccessorImpl.newInstance(NativeConstructorAccessorImpl.java:77)
	at java.base/jdk.internal.reflect.DelegatingConstructorAccessorImpl.newInstance(DelegatingConstructorAccessorImpl.java:45)
	at java.base/java.lang.reflect.Constructor.newInstanceWithCaller(Constructor.java:499)
	at java.base/java.lang.reflect.Constructor.newInstance(Constructor.java:480)
	at org.openqa.selenium.remote.http.W3CHttpResponseCodec.createException(W3CHttpResponseCodec.java:187)
	at org.openqa.selenium.remote.http.W3CHttpResponseCodec.decode(W3CHttpResponseCodec.java:122)
	at org.openqa.selenium.remote.http.W3CHttpResponseCodec.decode(W3CHttpResponseCodec.java:49)
	at org.openqa.selenium.remote.HttpCommandExecutor.execute(HttpCommandExecutor.java:158)
	at org.openqa.selenium.remote.service.DriverCommandExecutor.execute(DriverCommandExecutor.java:83)
	at org.openqa.selenium.remote.RemoteWebDriver.execute(RemoteWebDriver.java:552)
	at org.openqa.selenium.remote.RemoteWebDriver.findElement(RemoteWebDriver.java:323)
	at org.openqa.selenium.remote.RemoteWebDriver.findElementByName(RemoteWebDriver.java:404)
	at org.openqa.selenium.By$ByName.findElement(By.java:284)
	at org.openqa.selenium.remote.RemoteWebDriver.findElement(RemoteWebDriver.java:315)
	at org.openqa.selenium.support.pagefactory.DefaultElementLocator.findElement(DefaultElementLocator.java:69)
	at org.openqa.selenium.support.pagefactory.internal.LocatingElementHandler.invoke(LocatingElementHandler.java:38)
	at jdk.proxy2/jdk.proxy2.$Proxy28.sendKeys(Unknown Source)
	at com.juaracoding.cucumber.pages.LoginPage.login(LoginPage.java:51)
	at com.juaracoding.cucumber.step_definitions.AbsenIzin.tcc07_tampilan_izin(AbsenIzin.java:31)
	at ✽.TCC07.Tampilan Izin(file:///C:/Users/fauza/git/Kelompok-3-TMS/src/main/resources/features/12.AbsenIzin.feature:4)
</pre></div></td>
<td>10</td>
<td>com.juaracoding.cucumber.step_definitions.RunnerTest@56cdfb3b</td></tr>
</table><p>
<table width='100%' border='1' class='invocation-passed'>
<tr><td colspan='4' align='center'><b>PASSED TESTS</b></td></tr>
<tr><td><b>Test method</b></td>
<td width="30%"><b>Exception</b></td>
<td width="10%"><b>Time (seconds)</b></td>
<td><b>Instance</b></td>
</tr>
<tr>
<td title='com.juaracoding.cucumber.step_definitions.RunnerTest.runScenario()'><b>runScenario</b><br>Test class: com.juaracoding.cucumber.step_definitions.RunnerTest<br>Test method: Runs Cucumber Scenarios<br>Parameters: "TCC.TMS.007 Next Page", "Tambah Divisi"</td>
<td></td>
<td>1</td>
<td>com.juaracoding.cucumber.step_definitions.RunnerTest@56cdfb3b</td></tr>
<tr>
<td title='com.juaracoding.cucumber.step_definitions.RunnerTest.runScenario()'><b>runScenario</b><br>Test class: com.juaracoding.cucumber.step_definitions.RunnerTest<br>Test method: Runs Cucumber Scenarios<br>Parameters: "TCC.TMS.001 user invalid absen sakit", "Absen Admin Sakit"</td>
<td></td>
<td>2</td>
<td>com.juaracoding.cucumber.step_definitions.RunnerTest@56cdfb3b</td></tr>
<tr>
<td title='com.juaracoding.cucumber.step_definitions.RunnerTest.runScenario()'><b>runScenario</b><br>Test class: com.juaracoding.cucumber.step_definitions.RunnerTest<br>Test method: Runs Cucumber Scenarios<br>Parameters: "TCC.TMS.004 Show Entries 25", "Tambah Divisi"</td>
<td></td>
<td>1</td>
<td>com.juaracoding.cucumber.step_definitions.RunnerTest@56cdfb3b</td></tr>
<tr>
<td title='com.juaracoding.cucumber.step_definitions.RunnerTest.runScenario()'><b>runScenario</b><br>Test class: com.juaracoding.cucumber.step_definitions.RunnerTest<br>Test method: Runs Cucumber Scenarios<br>Parameters: "TCC.TMS.028 Delete Division Name md", "Managemen Divisi"</td>
<td></td>
<td>3</td>
<td>com.juaracoding.cucumber.step_definitions.RunnerTest@56cdfb3b</td></tr>
<tr>
<td title='com.juaracoding.cucumber.step_definitions.RunnerTest.runScenario()'><b>runScenario</b><br>Test class: com.juaracoding.cucumber.step_definitions.RunnerTest<br>Test method: Runs Cucumber Scenarios<br>Parameters: "TCC.TMS.021 Show Entries 100 md", "Managemen Divisi"</td>
<td></td>
<td>2</td>
<td>com.juaracoding.cucumber.step_definitions.RunnerTest@56cdfb3b</td></tr>
<tr>
<td title='com.juaracoding.cucumber.step_definitions.RunnerTest.runScenario()'><b>runScenario</b><br>Test class: com.juaracoding.cucumber.step_definitions.RunnerTest<br>Test method: Runs Cucumber Scenarios<br>Parameters: "TCC.TMS.006 user invalid absen", "Absen Admin Masuk"</td>
<td></td>
<td>3</td>
<td>com.juaracoding.cucumber.step_definitions.RunnerTest@56cdfb3b</td></tr>
<tr>
<td title='com.juaracoding.cucumber.step_definitions.RunnerTest.runScenario()'><b>runScenario</b><br>Test class: com.juaracoding.cucumber.step_definitions.RunnerTest<br>Test method: Runs Cucumber Scenarios<br>Parameters: "Add data kerja penempatan invalid", "Kerja Penempatan"</td>
<td></td>
<td>2</td>
<td>com.juaracoding.cucumber.step_definitions.RunnerTest@56cdfb3b</td></tr>
<tr>
<td title='com.juaracoding.cucumber.step_definitions.RunnerTest.runScenario()'><b>runScenario</b><br>Test class: com.juaracoding.cucumber.step_definitions.RunnerTest<br>Test method: Runs Cucumber Scenarios<br>Parameters: "TCC.TMS.003 user invalid absen", "Absen Admin Masuk"</td>
<td></td>
<td>3</td>
<td>com.juaracoding.cucumber.step_definitions.RunnerTest@56cdfb3b</td></tr>
<tr>
<td title='com.juaracoding.cucumber.step_definitions.RunnerTest.runScenario()'><b>runScenario</b><br>Test class: com.juaracoding.cucumber.step_definitions.RunnerTest<br>Test method: Runs Cucumber Scenarios<br>Parameters: "TCC.TMS.009 Previous Page", "Tambah Divisi"</td>
<td></td>
<td>2</td>
<td>com.juaracoding.cucumber.step_definitions.RunnerTest@56cdfb3b</td></tr>
<tr>
<td title='com.juaracoding.cucumber.step_definitions.RunnerTest.runScenario()'><b>runScenario</b><br>Test class: com.juaracoding.cucumber.step_definitions.RunnerTest<br>Test method: Runs Cucumber Scenarios<br>Parameters: "Show 25 data kerja penempatan", "Kerja Penempatan"</td>
<td></td>
<td>3</td>
<td>com.juaracoding.cucumber.step_definitions.RunnerTest@56cdfb3b</td></tr>
<tr>
<td title='com.juaracoding.cucumber.step_definitions.RunnerTest.runScenario()'><b>runScenario</b><br>Test class: com.juaracoding.cucumber.step_definitions.RunnerTest<br>Test method: Runs Cucumber Scenarios<br>Parameters: "TCC.TMS.004 user invalid absen pulang", "Absen Admin Pulang"</td>
<td></td>
<td>3</td>
<td>com.juaracoding.cucumber.step_definitions.RunnerTest@56cdfb3b</td></tr>
<tr>
<td title='com.juaracoding.cucumber.step_definitions.RunnerTest.runScenario()'><b>runScenario</b><br>Test class: com.juaracoding.cucumber.step_definitions.RunnerTest<br>Test method: Runs Cucumber Scenarios<br>Parameters: "TCC.TMS.013 admin menambahkan managemen divisi baru", "Managemen Divisi"</td>
<td></td>
<td>8</td>
<td>com.juaracoding.cucumber.step_definitions.RunnerTest@56cdfb3b</td></tr>
<tr>
<td title='com.juaracoding.cucumber.step_definitions.RunnerTest.runScenario()'><b>runScenario</b><br>Test class: com.juaracoding.cucumber.step_definitions.RunnerTest<br>Test method: Runs Cucumber Scenarios<br>Parameters: "TCC.TMS.002 Admin tidak input nama divisi baru", "Tambah Divisi"</td>
<td></td>
<td>2</td>
<td>com.juaracoding.cucumber.step_definitions.RunnerTest@56cdfb3b</td></tr>
<tr>
<td title='com.juaracoding.cucumber.step_definitions.RunnerTest.runScenario()'><b>runScenario</b><br>Test class: com.juaracoding.cucumber.step_definitions.RunnerTest<br>Test method: Runs Cucumber Scenarios<br>Parameters: "Show 25 data parameter shifting", "Parameter Shifting"</td>
<td></td>
<td>1</td>
<td>com.juaracoding.cucumber.step_definitions.RunnerTest@56cdfb3b</td></tr>
<tr>
<td title='com.juaracoding.cucumber.step_definitions.RunnerTest.runScenario()'><b>runScenario</b><br>Test class: com.juaracoding.cucumber.step_definitions.RunnerTest<br>Test method: Runs Cucumber Scenarios<br>Parameters: "Search data kerja position", "Master Position"</td>
<td></td>
<td>1</td>
<td>com.juaracoding.cucumber.step_definitions.RunnerTest@56cdfb3b</td></tr>
<tr>
<td title='com.juaracoding.cucumber.step_definitions.RunnerTest.runScenario()'><b>runScenario</b><br>Test class: com.juaracoding.cucumber.step_definitions.RunnerTest<br>Test method: Runs Cucumber Scenarios<br>Parameters: "TCC.TMS.006 Show Entries 100", "Tambah Divisi"</td>
<td></td>
<td>1</td>
<td>com.juaracoding.cucumber.step_definitions.RunnerTest@56cdfb3b</td></tr>
<tr>
<td title='com.juaracoding.cucumber.step_definitions.RunnerTest.runScenario()'><b>runScenario</b><br>Test class: com.juaracoding.cucumber.step_definitions.RunnerTest<br>Test method: Runs Cucumber Scenarios<br>Parameters: "Edit data kerja penempatan invalid", "Kerja Penempatan"</td>
<td></td>
<td>7</td>
<td>com.juaracoding.cucumber.step_definitions.RunnerTest@56cdfb3b</td></tr>
<tr>
<td title='com.juaracoding.cucumber.step_definitions.RunnerTest.runScenario()'><b>runScenario</b><br>Test class: com.juaracoding.cucumber.step_definitions.RunnerTest<br>Test method: Runs Cucumber Scenarios<br>Parameters: "TCC.TMS.012 Edit Division Name", "Tambah Divisi"</td>
<td></td>
<td>5</td>
<td>com.juaracoding.cucumber.step_definitions.RunnerTest@56cdfb3b</td></tr>
<tr>
<td title='com.juaracoding.cucumber.step_definitions.RunnerTest.runScenario()'><b>runScenario</b><br>Test class: com.juaracoding.cucumber.step_definitions.RunnerTest<br>Test method: Runs Cucumber Scenarios<br>Parameters: "TCC.TMS.019 Show Entries 25 md", "Managemen Divisi"</td>
<td></td>
<td>2</td>
<td>com.juaracoding.cucumber.step_definitions.RunnerTest@56cdfb3b</td></tr>
<tr>
<td title='com.juaracoding.cucumber.step_definitions.RunnerTest.runScenario()'><b>runScenario</b><br>Test class: com.juaracoding.cucumber.step_definitions.RunnerTest<br>Test method: Runs Cucumber Scenarios<br>Parameters: "TCC.TMS.003 user invalid absen sakit", "Absen Admin Sakit"</td>
<td></td>
<td>3</td>
<td>com.juaracoding.cucumber.step_definitions.RunnerTest@56cdfb3b</td></tr>
<tr>
<td title='com.juaracoding.cucumber.step_definitions.RunnerTest.runScenario()'><b>runScenario</b><br>Test class: com.juaracoding.cucumber.step_definitions.RunnerTest<br>Test method: Runs Cucumber Scenarios<br>Parameters: "TCC.TMS.001 user valid absen sakit", "Absen Admin Sakit"</td>
<td></td>
<td>3</td>
<td>com.juaracoding.cucumber.step_definitions.RunnerTest@56cdfb3b</td></tr>
<tr>
<td title='com.juaracoding.cucumber.step_definitions.RunnerTest.runScenario()'><b>runScenario</b><br>Test class: com.juaracoding.cucumber.step_definitions.RunnerTest<br>Test method: Runs Cucumber Scenarios<br>Parameters: "TCC.TMS.015 admin menambahkan managemen divisi baru tanpa memilih nama divisi", "Managemen Divisi"</td>
<td></td>
<td>6</td>
<td>com.juaracoding.cucumber.step_definitions.RunnerTest@56cdfb3b</td></tr>
<tr>
<td title='com.juaracoding.cucumber.step_definitions.RunnerTest.runScenario()'><b>runScenario</b><br>Test class: com.juaracoding.cucumber.step_definitions.RunnerTest<br>Test method: Runs Cucumber Scenarios<br>Parameters: "Show 100 data kerja position", "Master Position"</td>
<td></td>
<td>1</td>
<td>com.juaracoding.cucumber.step_definitions.RunnerTest@56cdfb3b</td></tr>
<tr>
<td title='com.juaracoding.cucumber.step_definitions.RunnerTest.runScenario()'><b>runScenario</b><br>Test class: com.juaracoding.cucumber.step_definitions.RunnerTest<br>Test method: Runs Cucumber Scenarios<br>Parameters: "Show 100 data parameter shifting", "Parameter Shifting"</td>
<td></td>
<td>1</td>
<td>com.juaracoding.cucumber.step_definitions.RunnerTest@56cdfb3b</td></tr>
<tr>
<td title='com.juaracoding.cucumber.step_definitions.RunnerTest.runScenario()'><b>runScenario</b><br>Test class: com.juaracoding.cucumber.step_definitions.RunnerTest<br>Test method: Runs Cucumber Scenarios<br>Parameters: "Show 100 data kerja penempatan", "Kerja Penempatan"</td>
<td></td>
<td>3</td>
<td>com.juaracoding.cucumber.step_definitions.RunnerTest@56cdfb3b</td></tr>
<tr>
<td title='com.juaracoding.cucumber.step_definitions.RunnerTest.runScenario()'><b>runScenario</b><br>Test class: com.juaracoding.cucumber.step_definitions.RunnerTest<br>Test method: Runs Cucumber Scenarios<br>Parameters: "Cancel Add data parameter shifting", "Parameter Shifting"</td>
<td></td>
<td>4</td>
<td>com.juaracoding.cucumber.step_definitions.RunnerTest@56cdfb3b</td></tr>
<tr>
<td title='com.juaracoding.cucumber.step_definitions.RunnerTest.runScenario()'><b>runScenario</b><br>Test class: com.juaracoding.cucumber.step_definitions.RunnerTest<br>Test method: Runs Cucumber Scenarios<br>Parameters: "TCC.TMS.017 admin menambahkan managemen divisi baru tanpa mengisi nama supervisor", "Managemen Divisi"</td>
<td></td>
<td>8</td>
<td>com.juaracoding.cucumber.step_definitions.RunnerTest@56cdfb3b</td></tr>
<tr>
<td title='com.juaracoding.cucumber.step_definitions.RunnerTest.runScenario()'><b>runScenario</b><br>Test class: com.juaracoding.cucumber.step_definitions.RunnerTest<br>Test method: Runs Cucumber Scenarios<br>Parameters: "TCC.TMS.004 user invalid absen", "Absen Admin Masuk"</td>
<td></td>
<td>11</td>
<td>com.juaracoding.cucumber.step_definitions.RunnerTest@56cdfb3b</td></tr>
<tr>
<td title='com.juaracoding.cucumber.step_definitions.RunnerTest.runScenario()'><b>runScenario</b><br>Test class: com.juaracoding.cucumber.step_definitions.RunnerTest<br>Test method: Runs Cucumber Scenarios<br>Parameters: "TCC.TMS.001 user valid absen pulang", "Absen Admin Pulang"</td>
<td></td>
<td>3</td>
<td>com.juaracoding.cucumber.step_definitions.RunnerTest@56cdfb3b</td></tr>
<tr>
<td title='com.juaracoding.cucumber.step_definitions.RunnerTest.runScenario()'><b>runScenario</b><br>Test class: com.juaracoding.cucumber.step_definitions.RunnerTest<br>Test method: Runs Cucumber Scenarios<br>Parameters: "TCC.TMS.004 user valid absen sakit", "Absen Admin Sakit"</td>
<td></td>
<td>3</td>
<td>com.juaracoding.cucumber.step_definitions.RunnerTest@56cdfb3b</td></tr>
<tr>
<td title='com.juaracoding.cucumber.step_definitions.RunnerTest.runScenario()'><b>runScenario</b><br>Test class: com.juaracoding.cucumber.step_definitions.RunnerTest<br>Test method: Runs Cucumber Scenarios<br>Parameters: "User login null username and null password", "Login User"</td>
<td></td>
<td>0</td>
<td>com.juaracoding.cucumber.step_definitions.RunnerTest@56cdfb3b</td></tr>
<tr>
<td title='com.juaracoding.cucumber.step_definitions.RunnerTest.runScenario()'><b>runScenario</b><br>Test class: com.juaracoding.cucumber.step_definitions.RunnerTest<br>Test method: Runs Cucumber Scenarios<br>Parameters: "User go to website", "Login User"</td>
<td></td>
<td>4</td>
<td>com.juaracoding.cucumber.step_definitions.RunnerTest@56cdfb3b</td></tr>
<tr>
<td title='com.juaracoding.cucumber.step_definitions.RunnerTest.runScenario()'><b>runScenario</b><br>Test class: com.juaracoding.cucumber.step_definitions.RunnerTest<br>Test method: Runs Cucumber Scenarios<br>Parameters: "Edit data kerja penempatan valid", "Kerja Penempatan"</td>
<td></td>
<td>5</td>
<td>com.juaracoding.cucumber.step_definitions.RunnerTest@56cdfb3b</td></tr>
<tr>
<td title='com.juaracoding.cucumber.step_definitions.RunnerTest.runScenario()'><b>runScenario</b><br>Test class: com.juaracoding.cucumber.step_definitions.RunnerTest<br>Test method: Runs Cucumber Scenarios<br>Parameters: "TCC.TMS.007 user invalid absen", "Absen Admin Masuk"</td>
<td></td>
<td>3</td>
<td>com.juaracoding.cucumber.step_definitions.RunnerTest@56cdfb3b</td></tr>
<tr>
<td title='com.juaracoding.cucumber.step_definitions.RunnerTest.runScenario()'><b>runScenario</b><br>Test class: com.juaracoding.cucumber.step_definitions.RunnerTest<br>Test method: Runs Cucumber Scenarios<br>Parameters: "User login null username and valid password", "Login User"</td>
<td></td>
<td>0</td>
<td>com.juaracoding.cucumber.step_definitions.RunnerTest@56cdfb3b</td></tr>
<tr>
<td title='com.juaracoding.cucumber.step_definitions.RunnerTest.runScenario()'><b>runScenario</b><br>Test class: com.juaracoding.cucumber.step_definitions.RunnerTest<br>Test method: Runs Cucumber Scenarios<br>Parameters: "TCC.TMS.007 user invalid absen sakit", "Absen Admin Sakit"</td>
<td></td>
<td>3</td>
<td>com.juaracoding.cucumber.step_definitions.RunnerTest@56cdfb3b</td></tr>
<tr>
<td title='com.juaracoding.cucumber.step_definitions.RunnerTest.runScenario()'><b>runScenario</b><br>Test class: com.juaracoding.cucumber.step_definitions.RunnerTest<br>Test method: Runs Cucumber Scenarios<br>Parameters: "Add data master position valid", "Master Position"</td>
<td></td>
<td>1</td>
<td>com.juaracoding.cucumber.step_definitions.RunnerTest@56cdfb3b</td></tr>
<tr>
<td title='com.juaracoding.cucumber.step_definitions.RunnerTest.runScenario()'><b>runScenario</b><br>Test class: com.juaracoding.cucumber.step_definitions.RunnerTest<br>Test method: Runs Cucumber Scenarios<br>Parameters: "Delete data parameter shifting", "Parameter Shifting"</td>
<td></td>
<td>4</td>
<td>com.juaracoding.cucumber.step_definitions.RunnerTest@56cdfb3b</td></tr>
<tr>
<td title='com.juaracoding.cucumber.step_definitions.RunnerTest.runScenario()'><b>runScenario</b><br>Test class: com.juaracoding.cucumber.step_definitions.RunnerTest<br>Test method: Runs Cucumber Scenarios<br>Parameters: "User login valid username and invalid password", "Login User"</td>
<td></td>
<td>1</td>
<td>com.juaracoding.cucumber.step_definitions.RunnerTest@56cdfb3b</td></tr>
<tr>
<td title='com.juaracoding.cucumber.step_definitions.RunnerTest.runScenario()'><b>runScenario</b><br>Test class: com.juaracoding.cucumber.step_definitions.RunnerTest<br>Test method: Runs Cucumber Scenarios<br>Parameters: "User login valid username and null password", "Login User"</td>
<td></td>
<td>0</td>
<td>com.juaracoding.cucumber.step_definitions.RunnerTest@56cdfb3b</td></tr>
<tr>
<td title='com.juaracoding.cucumber.step_definitions.RunnerTest.runScenario()'><b>runScenario</b><br>Test class: com.juaracoding.cucumber.step_definitions.RunnerTest<br>Test method: Runs Cucumber Scenarios<br>Parameters: "TCC.TMS.003 user valid absen sakit branch spesifik", "Absen Admin Sakit"</td>
<td></td>
<td>2</td>
<td>com.juaracoding.cucumber.step_definitions.RunnerTest@56cdfb3b</td></tr>
<tr>
<td title='com.juaracoding.cucumber.step_definitions.RunnerTest.runScenario()'><b>runScenario</b><br>Test class: com.juaracoding.cucumber.step_definitions.RunnerTest<br>Test method: Runs Cucumber Scenarios<br>Parameters: "Search data parameter shifting", "Parameter Shifting"</td>
<td></td>
<td>1</td>
<td>com.juaracoding.cucumber.step_definitions.RunnerTest@56cdfb3b</td></tr>
<tr>
<td title='com.juaracoding.cucumber.step_definitions.RunnerTest.runScenario()'><b>runScenario</b><br>Test class: com.juaracoding.cucumber.step_definitions.RunnerTest<br>Test method: Runs Cucumber Scenarios<br>Parameters: "User go to invalid website", "Login User"</td>
<td></td>
<td>2</td>
<td>com.juaracoding.cucumber.step_definitions.RunnerTest@56cdfb3b</td></tr>
<tr>
<td title='com.juaracoding.cucumber.step_definitions.RunnerTest.runScenario()'><b>runScenario</b><br>Test class: com.juaracoding.cucumber.step_definitions.RunnerTest<br>Test method: Runs Cucumber Scenarios<br>Parameters: "TCC10.Input kehadiran sakit", "Absen Sakit"</td>
<td></td>
<td>1</td>
<td>com.juaracoding.cucumber.step_definitions.RunnerTest@56cdfb3b</td></tr>
<tr>
<td title='com.juaracoding.cucumber.step_definitions.RunnerTest.runScenario()'><b>runScenario</b><br>Test class: com.juaracoding.cucumber.step_definitions.RunnerTest<br>Test method: Runs Cucumber Scenarios<br>Parameters: "TCC.TMS.018 Show Entries 10 md", "Managemen Divisi"</td>
<td></td>
<td>2</td>
<td>com.juaracoding.cucumber.step_definitions.RunnerTest@56cdfb3b</td></tr>
<tr>
<td title='com.juaracoding.cucumber.step_definitions.RunnerTest.runScenario()'><b>runScenario</b><br>Test class: com.juaracoding.cucumber.step_definitions.RunnerTest<br>Test method: Runs Cucumber Scenarios<br>Parameters: "Add data parameter shifting invalid", "Parameter Shifting"</td>
<td></td>
<td>3</td>
<td>com.juaracoding.cucumber.step_definitions.RunnerTest@56cdfb3b</td></tr>
<tr>
<td title='com.juaracoding.cucumber.step_definitions.RunnerTest.runScenario()'><b>runScenario</b><br>Test class: com.juaracoding.cucumber.step_definitions.RunnerTest<br>Test method: Runs Cucumber Scenarios<br>Parameters: "TCC.TMS.016 admin menambahkan managemen divisi baru tanpa mengisi nik team leader", "Managemen Divisi"</td>
<td></td>
<td>7</td>
<td>com.juaracoding.cucumber.step_definitions.RunnerTest@56cdfb3b</td></tr>
<tr>
<td title='com.juaracoding.cucumber.step_definitions.RunnerTest.runScenario()'><b>runScenario</b><br>Test class: com.juaracoding.cucumber.step_definitions.RunnerTest<br>Test method: Runs Cucumber Scenarios<br>Parameters: "TCC.TMS.026 Search Nama Divisi Tidak Ada md", "Managemen Divisi"</td>
<td></td>
<td>5</td>
<td>com.juaracoding.cucumber.step_definitions.RunnerTest@56cdfb3b</td></tr>
<tr>
<td title='com.juaracoding.cucumber.step_definitions.RunnerTest.runScenario()'><b>runScenario</b><br>Test class: com.juaracoding.cucumber.step_definitions.RunnerTest<br>Test method: Runs Cucumber Scenarios<br>Parameters: "TCC.TMS.005 user invalid absen", "Absen Admin Masuk"</td>
<td></td>
<td>2</td>
<td>com.juaracoding.cucumber.step_definitions.RunnerTest@56cdfb3b</td></tr>
<tr>
<td title='com.juaracoding.cucumber.step_definitions.RunnerTest.runScenario()'><b>runScenario</b><br>Test class: com.juaracoding.cucumber.step_definitions.RunnerTest<br>Test method: Runs Cucumber Scenarios<br>Parameters: "TCC.TMS.002 admin search user pulang", "Absen Admin Pulang"</td>
<td></td>
<td>4</td>
<td>com.juaracoding.cucumber.step_definitions.RunnerTest@56cdfb3b</td></tr>
<tr>
<td title='com.juaracoding.cucumber.step_definitions.RunnerTest.runScenario()'><b>runScenario</b><br>Test class: com.juaracoding.cucumber.step_definitions.RunnerTest<br>Test method: Runs Cucumber Scenarios<br>Parameters: "TCC.TMS.024 Previous Page md", "Managemen Divisi"</td>
<td></td>
<td>2</td>
<td>com.juaracoding.cucumber.step_definitions.RunnerTest@56cdfb3b</td></tr>
<tr>
<td title='com.juaracoding.cucumber.step_definitions.RunnerTest.runScenario()'><b>runScenario</b><br>Test class: com.juaracoding.cucumber.step_definitions.RunnerTest<br>Test method: Runs Cucumber Scenarios<br>Parameters: "TCC.TMS.023 Nomor Page md", "Managemen Divisi"</td>
<td></td>
<td>2</td>
<td>com.juaracoding.cucumber.step_definitions.RunnerTest@56cdfb3b</td></tr>
<tr>
<td title='com.juaracoding.cucumber.step_definitions.RunnerTest.runScenario()'><b>runScenario</b><br>Test class: com.juaracoding.cucumber.step_definitions.RunnerTest<br>Test method: Runs Cucumber Scenarios<br>Parameters: "User valid login", "Login User"</td>
<td></td>
<td>4</td>
<td>com.juaracoding.cucumber.step_definitions.RunnerTest@56cdfb3b</td></tr>
<tr>
<td title='com.juaracoding.cucumber.step_definitions.RunnerTest.runScenario()'><b>runScenario</b><br>Test class: com.juaracoding.cucumber.step_definitions.RunnerTest<br>Test method: Runs Cucumber Scenarios<br>Parameters: "Add data parameter shifting valid", "Parameter Shifting"</td>
<td></td>
<td>5</td>
<td>com.juaracoding.cucumber.step_definitions.RunnerTest@56cdfb3b</td></tr>
<tr>
<td title='com.juaracoding.cucumber.step_definitions.RunnerTest.runScenario()'><b>runScenario</b><br>Test class: com.juaracoding.cucumber.step_definitions.RunnerTest<br>Test method: Runs Cucumber Scenarios<br>Parameters: "User valid logout", "Login User"</td>
<td></td>
<td>1</td>
<td>com.juaracoding.cucumber.step_definitions.RunnerTest@56cdfb3b</td></tr>
<tr>
<td title='com.juaracoding.cucumber.step_definitions.RunnerTest.runScenario()'><b>runScenario</b><br>Test class: com.juaracoding.cucumber.step_definitions.RunnerTest<br>Test method: Runs Cucumber Scenarios<br>Parameters: "Show 50 data kerja penempatan", "Kerja Penempatan"</td>
<td></td>
<td>2</td>
<td>com.juaracoding.cucumber.step_definitions.RunnerTest@56cdfb3b</td></tr>
<tr>
<td title='com.juaracoding.cucumber.step_definitions.RunnerTest.runScenario()'><b>runScenario</b><br>Test class: com.juaracoding.cucumber.step_definitions.RunnerTest<br>Test method: Runs Cucumber Scenarios<br>Parameters: "User login null username and invalid password", "Login User"</td>
<td></td>
<td>0</td>
<td>com.juaracoding.cucumber.step_definitions.RunnerTest@56cdfb3b</td></tr>
<tr>
<td title='com.juaracoding.cucumber.step_definitions.RunnerTest.runScenario()'><b>runScenario</b><br>Test class: com.juaracoding.cucumber.step_definitions.RunnerTest<br>Test method: Runs Cucumber Scenarios<br>Parameters: "TCC.TMS.001 user invalid absen", "Absen Admin Masuk"</td>
<td></td>
<td>5</td>
<td>com.juaracoding.cucumber.step_definitions.RunnerTest@56cdfb3b</td></tr>
<tr>
<td title='com.juaracoding.cucumber.step_definitions.RunnerTest.runScenario()'><b>runScenario</b><br>Test class: com.juaracoding.cucumber.step_definitions.RunnerTest<br>Test method: Runs Cucumber Scenarios<br>Parameters: "TCC.TMS.001 user invalid absen pulang", "Absen Admin Pulang"</td>
<td></td>
<td>3</td>
<td>com.juaracoding.cucumber.step_definitions.RunnerTest@56cdfb3b</td></tr>
<tr>
<td title='com.juaracoding.cucumber.step_definitions.RunnerTest.runScenario()'><b>runScenario</b><br>Test class: com.juaracoding.cucumber.step_definitions.RunnerTest<br>Test method: Runs Cucumber Scenarios<br>Parameters: "TCC03. Input kehadiran masuk kerja", "Absen Masuk"</td>
<td></td>
<td>2</td>
<td>com.juaracoding.cucumber.step_definitions.RunnerTest@56cdfb3b</td></tr>
<tr>
<td title='com.juaracoding.cucumber.step_definitions.RunnerTest.runScenario()'><b>runScenario</b><br>Test class: com.juaracoding.cucumber.step_definitions.RunnerTest<br>Test method: Runs Cucumber Scenarios<br>Parameters: "TCC.TMS.001 Admin menambahkan divisi baru", "Tambah Divisi"</td>
<td></td>
<td>4</td>
<td>com.juaracoding.cucumber.step_definitions.RunnerTest@56cdfb3b</td></tr>
<tr>
<td title='com.juaracoding.cucumber.step_definitions.RunnerTest.runScenario()'><b>runScenario</b><br>Test class: com.juaracoding.cucumber.step_definitions.RunnerTest<br>Test method: Runs Cucumber Scenarios<br>Parameters: "TCC.TMS.025 Search Nama Divisi Ada md", "Managemen Divisi"</td>
<td></td>
<td>6</td>
<td>com.juaracoding.cucumber.step_definitions.RunnerTest@56cdfb3b</td></tr>
<tr>
<td title='com.juaracoding.cucumber.step_definitions.RunnerTest.runScenario()'><b>runScenario</b><br>Test class: com.juaracoding.cucumber.step_definitions.RunnerTest<br>Test method: Runs Cucumber Scenarios<br>Parameters: "TCC.TMS.005 Show Entries 50", "Tambah Divisi"</td>
<td></td>
<td>1</td>
<td>com.juaracoding.cucumber.step_definitions.RunnerTest@56cdfb3b</td></tr>
<tr>
<td title='com.juaracoding.cucumber.step_definitions.RunnerTest.runScenario()'><b>runScenario</b><br>Test class: com.juaracoding.cucumber.step_definitions.RunnerTest<br>Test method: Runs Cucumber Scenarios<br>Parameters: "TCC.TMS.027 Edit Division Name md", "Managemen Divisi"</td>
<td></td>
<td>5</td>
<td>com.juaracoding.cucumber.step_definitions.RunnerTest@56cdfb3b</td></tr>
<tr>
<td title='com.juaracoding.cucumber.step_definitions.RunnerTest.runScenario()'><b>runScenario</b><br>Test class: com.juaracoding.cucumber.step_definitions.RunnerTest<br>Test method: Runs Cucumber Scenarios<br>Parameters: "TCC.TMS.003 user invalid absen pulang", "Absen Admin Pulang"</td>
<td></td>
<td>3</td>
<td>com.juaracoding.cucumber.step_definitions.RunnerTest@56cdfb3b</td></tr>
<tr>
<td title='com.juaracoding.cucumber.step_definitions.RunnerTest.runScenario()'><b>runScenario</b><br>Test class: com.juaracoding.cucumber.step_definitions.RunnerTest<br>Test method: Runs Cucumber Scenarios<br>Parameters: "Cancel edit data kerja penempatan", "Kerja Penempatan"</td>
<td></td>
<td>13</td>
<td>com.juaracoding.cucumber.step_definitions.RunnerTest@56cdfb3b</td></tr>
<tr>
<td title='com.juaracoding.cucumber.step_definitions.RunnerTest.runScenario()'><b>runScenario</b><br>Test class: com.juaracoding.cucumber.step_definitions.RunnerTest<br>Test method: Runs Cucumber Scenarios<br>Parameters: "TCC.TMS.005 user invalid absen pulang", "Absen Admin Pulang"</td>
<td></td>
<td>3</td>
<td>com.juaracoding.cucumber.step_definitions.RunnerTest@56cdfb3b</td></tr>
<tr>
<td title='com.juaracoding.cucumber.step_definitions.RunnerTest.runScenario()'><b>runScenario</b><br>Test class: com.juaracoding.cucumber.step_definitions.RunnerTest<br>Test method: Runs Cucumber Scenarios<br>Parameters: "Show 10 data kerja position", "Master Position"</td>
<td></td>
<td>1</td>
<td>com.juaracoding.cucumber.step_definitions.RunnerTest@56cdfb3b</td></tr>
<tr>
<td title='com.juaracoding.cucumber.step_definitions.RunnerTest.runScenario()'><b>runScenario</b><br>Test class: com.juaracoding.cucumber.step_definitions.RunnerTest<br>Test method: Runs Cucumber Scenarios<br>Parameters: "TCC.TMS.005 user invalid absen sakit", "Absen Admin Sakit"</td>
<td></td>
<td>3</td>
<td>com.juaracoding.cucumber.step_definitions.RunnerTest@56cdfb3b</td></tr>
<tr>
<td title='com.juaracoding.cucumber.step_definitions.RunnerTest.runScenario()'><b>runScenario</b><br>Test class: com.juaracoding.cucumber.step_definitions.RunnerTest<br>Test method: Runs Cucumber Scenarios<br>Parameters: "User login invalid username and invalid password", "Login User"</td>
<td></td>
<td>1</td>
<td>com.juaracoding.cucumber.step_definitions.RunnerTest@56cdfb3b</td></tr>
<tr>
<td title='com.juaracoding.cucumber.step_definitions.RunnerTest.runScenario()'><b>runScenario</b><br>Test class: com.juaracoding.cucumber.step_definitions.RunnerTest<br>Test method: Runs Cucumber Scenarios<br>Parameters: "TCC.TMS.003 user valid absen pulang branch spesifik", "Absen Admin Pulang"</td>
<td></td>
<td>4</td>
<td>com.juaracoding.cucumber.step_definitions.RunnerTest@56cdfb3b</td></tr>
<tr>
<td title='com.juaracoding.cucumber.step_definitions.RunnerTest.runScenario()'><b>runScenario</b><br>Test class: com.juaracoding.cucumber.step_definitions.RunnerTest<br>Test method: Runs Cucumber Scenarios<br>Parameters: "TCC.TMS.002 user invalid absen sakit", "Absen Admin Sakit"</td>
<td></td>
<td>3</td>
<td>com.juaracoding.cucumber.step_definitions.RunnerTest@56cdfb3b</td></tr>
<tr>
<td title='com.juaracoding.cucumber.step_definitions.RunnerTest.runScenario()'><b>runScenario</b><br>Test class: com.juaracoding.cucumber.step_definitions.RunnerTest<br>Test method: Runs Cucumber Scenarios<br>Parameters: "TCC.TMS.020 Show Entries 50 md", "Managemen Divisi"</td>
<td></td>
<td>2</td>
<td>com.juaracoding.cucumber.step_definitions.RunnerTest@56cdfb3b</td></tr>
<tr>
<td title='com.juaracoding.cucumber.step_definitions.RunnerTest.runScenario()'><b>runScenario</b><br>Test class: com.juaracoding.cucumber.step_definitions.RunnerTest<br>Test method: Runs Cucumber Scenarios<br>Parameters: "TCC.TMS.003 Show Entries 10", "Tambah Divisi"</td>
<td></td>
<td>1</td>
<td>com.juaracoding.cucumber.step_definitions.RunnerTest@56cdfb3b</td></tr>
<tr>
<td title='com.juaracoding.cucumber.step_definitions.RunnerTest.runScenario()'><b>runScenario</b><br>Test class: com.juaracoding.cucumber.step_definitions.RunnerTest<br>Test method: Runs Cucumber Scenarios<br>Parameters: "TCC01.Input kehadiran masuk kerja", "Absen Masuk"</td>
<td></td>
<td>2</td>
<td>com.juaracoding.cucumber.step_definitions.RunnerTest@56cdfb3b</td></tr>
<tr>
<td title='com.juaracoding.cucumber.step_definitions.RunnerTest.runScenario()'><b>runScenario</b><br>Test class: com.juaracoding.cucumber.step_definitions.RunnerTest<br>Test method: Runs Cucumber Scenarios<br>Parameters: "TCC.TMS.006 user invalid absen pulang", "Absen Admin Pulang"</td>
<td></td>
<td>3</td>
<td>com.juaracoding.cucumber.step_definitions.RunnerTest@56cdfb3b</td></tr>
<tr>
<td title='com.juaracoding.cucumber.step_definitions.RunnerTest.runScenario()'><b>runScenario</b><br>Test class: com.juaracoding.cucumber.step_definitions.RunnerTest<br>Test method: Runs Cucumber Scenarios<br>Parameters: "Show 10 data kerja penempatan", "Kerja Penempatan"</td>
<td></td>
<td>3</td>
<td>com.juaracoding.cucumber.step_definitions.RunnerTest@56cdfb3b</td></tr>
<tr>
<td title='com.juaracoding.cucumber.step_definitions.RunnerTest.runScenario()'><b>runScenario</b><br>Test class: com.juaracoding.cucumber.step_definitions.RunnerTest<br>Test method: Runs Cucumber Scenarios<br>Parameters: "Add data kerja penempatan valid", "Kerja Penempatan"</td>
<td></td>
<td>3</td>
<td>com.juaracoding.cucumber.step_definitions.RunnerTest@56cdfb3b</td></tr>
<tr>
<td title='com.juaracoding.cucumber.step_definitions.RunnerTest.runScenario()'><b>runScenario</b><br>Test class: com.juaracoding.cucumber.step_definitions.RunnerTest<br>Test method: Runs Cucumber Scenarios<br>Parameters: "TCC.TMS.014 admin menambahkan managemen divisi baru dup", "Managemen Divisi"</td>
<td></td>
<td>10</td>
<td>com.juaracoding.cucumber.step_definitions.RunnerTest@56cdfb3b</td></tr>
<tr>
<td title='com.juaracoding.cucumber.step_definitions.RunnerTest.runScenario()'><b>runScenario</b><br>Test class: com.juaracoding.cucumber.step_definitions.RunnerTest<br>Test method: Runs Cucumber Scenarios<br>Parameters: "User login invalid username and null password", "Login User"</td>
<td></td>
<td>0</td>
<td>com.juaracoding.cucumber.step_definitions.RunnerTest@56cdfb3b</td></tr>
<tr>
<td title='com.juaracoding.cucumber.step_definitions.RunnerTest.runScenario()'><b>runScenario</b><br>Test class: com.juaracoding.cucumber.step_definitions.RunnerTest<br>Test method: Runs Cucumber Scenarios<br>Parameters: "TCC.TMS.006 user invalid absen sakit", "Absen Admin Sakit"</td>
<td></td>
<td>4</td>
<td>com.juaracoding.cucumber.step_definitions.RunnerTest@56cdfb3b</td></tr>
<tr>
<td title='com.juaracoding.cucumber.step_definitions.RunnerTest.runScenario()'><b>runScenario</b><br>Test class: com.juaracoding.cucumber.step_definitions.RunnerTest<br>Test method: Runs Cucumber Scenarios<br>Parameters: "Show 50 data kerja position", "Master Position"</td>
<td></td>
<td>1</td>
<td>com.juaracoding.cucumber.step_definitions.RunnerTest@56cdfb3b</td></tr>
<tr>
<td title='com.juaracoding.cucumber.step_definitions.RunnerTest.runScenario()'><b>runScenario</b><br>Test class: com.juaracoding.cucumber.step_definitions.RunnerTest<br>Test method: Runs Cucumber Scenarios<br>Parameters: "TCC.TMS.002 admin search user", "Absen Admin Masuk"</td>
<td></td>
<td>4</td>
<td>com.juaracoding.cucumber.step_definitions.RunnerTest@56cdfb3b</td></tr>
<tr>
<td title='com.juaracoding.cucumber.step_definitions.RunnerTest.runScenario()'><b>runScenario</b><br>Test class: com.juaracoding.cucumber.step_definitions.RunnerTest<br>Test method: Runs Cucumber Scenarios<br>Parameters: "Edit data parameter shifting valid", "Parameter Shifting"</td>
<td></td>
<td>5</td>
<td>com.juaracoding.cucumber.step_definitions.RunnerTest@56cdfb3b</td></tr>
<tr>
<td title='com.juaracoding.cucumber.step_definitions.RunnerTest.runScenario()'><b>runScenario</b><br>Test class: com.juaracoding.cucumber.step_definitions.RunnerTest<br>Test method: Runs Cucumber Scenarios<br>Parameters: "Show 10 data parameter shifting", "Parameter Shifting"</td>
<td></td>
<td>1</td>
<td>com.juaracoding.cucumber.step_definitions.RunnerTest@56cdfb3b</td></tr>
<tr>
<td title='com.juaracoding.cucumber.step_definitions.RunnerTest.runScenario()'><b>runScenario</b><br>Test class: com.juaracoding.cucumber.step_definitions.RunnerTest<br>Test method: Runs Cucumber Scenarios<br>Parameters: "TCC.TMS.002 admin search user sakit", "Absen Admin Sakit"</td>
<td></td>
<td>3</td>
<td>com.juaracoding.cucumber.step_definitions.RunnerTest@56cdfb3b</td></tr>
<tr>
<td title='com.juaracoding.cucumber.step_definitions.RunnerTest.runScenario()'><b>runScenario</b><br>Test class: com.juaracoding.cucumber.step_definitions.RunnerTest<br>Test method: Runs Cucumber Scenarios<br>Parameters: "TCC.TMS.001 user valid absen masuk", "Absen Admin Masuk"</td>
<td></td>
<td>3</td>
<td>com.juaracoding.cucumber.step_definitions.RunnerTest@56cdfb3b</td></tr>
<tr>
<td title='com.juaracoding.cucumber.step_definitions.RunnerTest.runScenario()'><b>runScenario</b><br>Test class: com.juaracoding.cucumber.step_definitions.RunnerTest<br>Test method: Runs Cucumber Scenarios<br>Parameters: "TCC.TMS.002 user invalid absen pulang", "Absen Admin Pulang"</td>
<td></td>
<td>4</td>
<td>com.juaracoding.cucumber.step_definitions.RunnerTest@56cdfb3b</td></tr>
<tr>
<td title='com.juaracoding.cucumber.step_definitions.RunnerTest.runScenario()'><b>runScenario</b><br>Test class: com.juaracoding.cucumber.step_definitions.RunnerTest<br>Test method: Runs Cucumber Scenarios<br>Parameters: "Edit data master position invalid", "Master Position"</td>
<td></td>
<td>2</td>
<td>com.juaracoding.cucumber.step_definitions.RunnerTest@56cdfb3b</td></tr>
<tr>
<td title='com.juaracoding.cucumber.step_definitions.RunnerTest.runScenario()'><b>runScenario</b><br>Test class: com.juaracoding.cucumber.step_definitions.RunnerTest<br>Test method: Runs Cucumber Scenarios<br>Parameters: "TCC.TMS.008 Nomor Page", "Tambah Divisi"</td>
<td></td>
<td>2</td>
<td>com.juaracoding.cucumber.step_definitions.RunnerTest@56cdfb3b</td></tr>
<tr>
<td title='com.juaracoding.cucumber.step_definitions.RunnerTest.runScenario()'><b>runScenario</b><br>Test class: com.juaracoding.cucumber.step_definitions.RunnerTest<br>Test method: Runs Cucumber Scenarios<br>Parameters: "Add data master position invalid", "Master Position"</td>
<td></td>
<td>2</td>
<td>com.juaracoding.cucumber.step_definitions.RunnerTest@56cdfb3b</td></tr>
<tr>
<td title='com.juaracoding.cucumber.step_definitions.RunnerTest.runScenario()'><b>runScenario</b><br>Test class: com.juaracoding.cucumber.step_definitions.RunnerTest<br>Test method: Runs Cucumber Scenarios<br>Parameters: "Search data kerja penempatan", "Kerja Penempatan"</td>
<td></td>
<td>2</td>
<td>com.juaracoding.cucumber.step_definitions.RunnerTest@56cdfb3b</td></tr>
<tr>
<td title='com.juaracoding.cucumber.step_definitions.RunnerTest.runScenario()'><b>runScenario</b><br>Test class: com.juaracoding.cucumber.step_definitions.RunnerTest<br>Test method: Runs Cucumber Scenarios<br>Parameters: "Show 25 data kerja position", "Master Position"</td>
<td></td>
<td>1</td>
<td>com.juaracoding.cucumber.step_definitions.RunnerTest@56cdfb3b</td></tr>
<tr>
<td title='com.juaracoding.cucumber.step_definitions.RunnerTest.runScenario()'><b>runScenario</b><br>Test class: com.juaracoding.cucumber.step_definitions.RunnerTest<br>Test method: Runs Cucumber Scenarios<br>Parameters: "Edit data master position valid", "Master Position"</td>
<td></td>
<td>1</td>
<td>com.juaracoding.cucumber.step_definitions.RunnerTest@56cdfb3b</td></tr>
<tr>
<td title='com.juaracoding.cucumber.step_definitions.RunnerTest.runScenario()'><b>runScenario</b><br>Test class: com.juaracoding.cucumber.step_definitions.RunnerTest<br>Test method: Runs Cucumber Scenarios<br>Parameters: "TCC.TMS.011 Search Nama Divisi Tidak Ada", "Tambah Divisi"</td>
<td></td>
<td>6</td>
<td>com.juaracoding.cucumber.step_definitions.RunnerTest@56cdfb3b</td></tr>
<tr>
<td title='com.juaracoding.cucumber.step_definitions.RunnerTest.runScenario()'><b>runScenario</b><br>Test class: com.juaracoding.cucumber.step_definitions.RunnerTest<br>Test method: Runs Cucumber Scenarios<br>Parameters: "TCC.TMS.003 admin branch position spesifik", "Absen Admin Masuk"</td>
<td></td>
<td>3</td>
<td>com.juaracoding.cucumber.step_definitions.RunnerTest@56cdfb3b</td></tr>
<tr>
<td title='com.juaracoding.cucumber.step_definitions.RunnerTest.runScenario()'><b>runScenario</b><br>Test class: com.juaracoding.cucumber.step_definitions.RunnerTest<br>Test method: Runs Cucumber Scenarios<br>Parameters: "TCC06. Input kehadiran pulang kerja", "Absen Pulang"</td>
<td></td>
<td>2</td>
<td>com.juaracoding.cucumber.step_definitions.RunnerTest@56cdfb3b</td></tr>
<tr>
<td title='com.juaracoding.cucumber.step_definitions.RunnerTest.runScenario()'><b>runScenario</b><br>Test class: com.juaracoding.cucumber.step_definitions.RunnerTest<br>Test method: Runs Cucumber Scenarios<br>Parameters: "Cancel delete data parameter shifting", "Parameter Shifting"</td>
<td></td>
<td>1</td>
<td>com.juaracoding.cucumber.step_definitions.RunnerTest@56cdfb3b</td></tr>
<tr>
<td title='com.juaracoding.cucumber.step_definitions.RunnerTest.runScenario()'><b>runScenario</b><br>Test class: com.juaracoding.cucumber.step_definitions.RunnerTest<br>Test method: Runs Cucumber Scenarios<br>Parameters: "TCC.TMS.007 user invalid absen pulang", "Absen Admin Pulang"</td>
<td></td>
<td>3</td>
<td>com.juaracoding.cucumber.step_definitions.RunnerTest@56cdfb3b</td></tr>
<tr>
<td title='com.juaracoding.cucumber.step_definitions.RunnerTest.runScenario()'><b>runScenario</b><br>Test class: com.juaracoding.cucumber.step_definitions.RunnerTest<br>Test method: Runs Cucumber Scenarios<br>Parameters: "TCC.TMS.010 Search Nama Divisi Ada", "Tambah Divisi"</td>
<td></td>
<td>5</td>
<td>com.juaracoding.cucumber.step_definitions.RunnerTest@56cdfb3b</td></tr>
<tr>
<td title='com.juaracoding.cucumber.step_definitions.RunnerTest.runScenario()'><b>runScenario</b><br>Test class: com.juaracoding.cucumber.step_definitions.RunnerTest<br>Test method: Runs Cucumber Scenarios<br>Parameters: "Show 50 data parameter shifting", "Parameter Shifting"</td>
<td></td>
<td>1</td>
<td>com.juaracoding.cucumber.step_definitions.RunnerTest@56cdfb3b</td></tr>
<tr>
<td title='com.juaracoding.cucumber.step_definitions.RunnerTest.runScenario()'><b>runScenario</b><br>Test class: com.juaracoding.cucumber.step_definitions.RunnerTest<br>Test method: Runs Cucumber Scenarios<br>Parameters: "User login invalid username and valid password", "Login User"</td>
<td></td>
<td>1</td>
<td>com.juaracoding.cucumber.step_definitions.RunnerTest@56cdfb3b</td></tr>
<tr>
<td title='com.juaracoding.cucumber.step_definitions.RunnerTest.runScenario()'><b>runScenario</b><br>Test class: com.juaracoding.cucumber.step_definitions.RunnerTest<br>Test method: Runs Cucumber Scenarios<br>Parameters: "TCC.TMS.002 user invalid absen", "Absen Admin Masuk"</td>
<td></td>
<td>3</td>
<td>com.juaracoding.cucumber.step_definitions.RunnerTest@56cdfb3b</td></tr>
<tr>
<td title='com.juaracoding.cucumber.step_definitions.RunnerTest.runScenario()'><b>runScenario</b><br>Test class: com.juaracoding.cucumber.step_definitions.RunnerTest<br>Test method: Runs Cucumber Scenarios<br>Parameters: "TCC.TMS.022 Next Page md", "Managemen Divisi"</td>
<td></td>
<td>2</td>
<td>com.juaracoding.cucumber.step_definitions.RunnerTest@56cdfb3b</td></tr>
</table><p>
</body>
</html>